2021-02-02T00:00:18.0469263+07:00 [DBG] (Hangfire.Server.ServerHeartbeatProcess) Server desktop-tngntrf:16280:a478302e heartbeat successfully sent
2021-02-02T00:00:48.0945888+07:00 [DBG] (Hangfire.Server.ServerHeartbeatProcess) Server desktop-tngntrf:16280:a478302e heartbeat successfully sent
2021-02-02T00:01:18.1381079+07:00 [DBG] (Hangfire.Server.ServerHeartbeatProcess) Server desktop-tngntrf:16280:a478302e heartbeat successfully sent
2021-02-02T00:01:48.1873513+07:00 [DBG] (Hangfire.Server.ServerHeartbeatProcess) Server desktop-tngntrf:16280:a478302e heartbeat successfully sent
2021-02-02T00:02:04.0007621+07:00 [DBG] (Hangfire.SqlServer.CountersAggregator) Aggregating records in 'Counter' table...
2021-02-02T00:02:04.4800432+07:00 [DBG] (Hangfire.SqlServer.ExpirationManager) Removing outdated records from the 'AggregatedCounter' table...
2021-02-02T00:02:04.6003442+07:00 [DBG] (Hangfire.SqlServer.ExpirationManager) Removing outdated records from the 'Job' table...
2021-02-02T00:02:04.6995568+07:00 [DBG] (Hangfire.SqlServer.ExpirationManager) Removing outdated records from the 'List' table...
2021-02-02T00:02:04.7994516+07:00 [DBG] (Hangfire.SqlServer.ExpirationManager) Removing outdated records from the 'Set' table...
2021-02-02T00:02:04.8974747+07:00 [DBG] (Hangfire.SqlServer.ExpirationManager) Removing outdated records from the 'Hash' table...
2021-02-02T00:02:18.2532525+07:00 [DBG] (Hangfire.Server.ServerHeartbeatProcess) Server desktop-tngntrf:16280:a478302e heartbeat successfully sent
2021-02-02T00:02:48.2996144+07:00 [DBG] (Hangfire.Server.ServerHeartbeatProcess) Server desktop-tngntrf:16280:a478302e heartbeat successfully sent
2021-02-02T00:03:18.3517169+07:00 [DBG] (Hangfire.Server.ServerHeartbeatProcess) Server desktop-tngntrf:16280:a478302e heartbeat successfully sent
2021-02-02T00:03:48.4067496+07:00 [DBG] (Hangfire.Server.ServerHeartbeatProcess) Server desktop-tngntrf:16280:a478302e heartbeat successfully sent
2021-02-02T00:04:18.4496993+07:00 [DBG] (Hangfire.Server.ServerHeartbeatProcess) Server desktop-tngntrf:16280:a478302e heartbeat successfully sent
2021-02-02T00:04:48.4939201+07:00 [DBG] (Hangfire.Server.ServerHeartbeatProcess) Server desktop-tngntrf:16280:a478302e heartbeat successfully sent
2021-02-02T00:05:18.5618066+07:00 [DBG] (Hangfire.Server.ServerHeartbeatProcess) Server desktop-tngntrf:16280:a478302e heartbeat successfully sent
2021-02-02T00:05:48.6114326+07:00 [DBG] (Hangfire.Server.ServerHeartbeatProcess) Server desktop-tngntrf:16280:a478302e heartbeat successfully sent
2021-02-02T00:06:18.6536803+07:00 [DBG] (Hangfire.Server.ServerHeartbeatProcess) Server desktop-tngntrf:16280:a478302e heartbeat successfully sent
2021-02-02T00:06:48.7413477+07:00 [DBG] (Hangfire.Server.ServerHeartbeatProcess) Server desktop-tngntrf:16280:a478302e heartbeat successfully sent
2021-02-02T00:07:04.0487904+07:00 [DBG] (Hangfire.SqlServer.CountersAggregator) Aggregating records in 'Counter' table...
2021-02-02T00:07:18.8391251+07:00 [DBG] (Hangfire.Server.ServerHeartbeatProcess) Server desktop-tngntrf:16280:a478302e heartbeat successfully sent
2021-02-02T00:07:48.8901784+07:00 [DBG] (Hangfire.Server.ServerHeartbeatProcess) Server desktop-tngntrf:16280:a478302e heartbeat successfully sent
2021-02-02T00:08:18.9386214+07:00 [DBG] (Hangfire.Server.ServerHeartbeatProcess) Server desktop-tngntrf:16280:a478302e heartbeat successfully sent
2021-02-02T00:08:48.9866466+07:00 [DBG] (Hangfire.Server.ServerHeartbeatProcess) Server desktop-tngntrf:16280:a478302e heartbeat successfully sent
2021-02-02T00:09:19.0339328+07:00 [DBG] (Hangfire.Server.ServerHeartbeatProcess) Server desktop-tngntrf:16280:a478302e heartbeat successfully sent
2021-02-02T00:09:49.0829346+07:00 [DBG] (Hangfire.Server.ServerHeartbeatProcess) Server desktop-tngntrf:16280:a478302e heartbeat successfully sent
2021-02-02T00:10:19.1363653+07:00 [DBG] (Hangfire.Server.ServerHeartbeatProcess) Server desktop-tngntrf:16280:a478302e heartbeat successfully sent
2021-02-02T00:10:49.1759916+07:00 [DBG] (Hangfire.Server.ServerHeartbeatProcess) Server desktop-tngntrf:16280:a478302e heartbeat successfully sent
2021-02-02T00:11:19.2228567+07:00 [DBG] (Hangfire.Server.ServerHeartbeatProcess) Server desktop-tngntrf:16280:a478302e heartbeat successfully sent
2021-02-02T00:11:49.2766788+07:00 [DBG] (Hangfire.Server.ServerHeartbeatProcess) Server desktop-tngntrf:16280:a478302e heartbeat successfully sent
2021-02-02T00:12:04.0918773+07:00 [DBG] (Hangfire.SqlServer.CountersAggregator) Aggregating records in 'Counter' table...
2021-02-02T00:12:19.3495253+07:00 [DBG] (Hangfire.Server.ServerHeartbeatProcess) Server desktop-tngntrf:16280:a478302e heartbeat successfully sent
2021-02-02T00:12:49.3936045+07:00 [DBG] (Hangfire.Server.ServerHeartbeatProcess) Server desktop-tngntrf:16280:a478302e heartbeat successfully sent
2021-02-02T00:13:19.4697168+07:00 [DBG] (Hangfire.Server.ServerHeartbeatProcess) Server desktop-tngntrf:16280:a478302e heartbeat successfully sent
2021-02-02T00:13:49.5133570+07:00 [DBG] (Hangfire.Server.ServerHeartbeatProcess) Server desktop-tngntrf:16280:a478302e heartbeat successfully sent
2021-02-02T00:14:19.5527415+07:00 [DBG] (Hangfire.Server.ServerHeartbeatProcess) Server desktop-tngntrf:16280:a478302e heartbeat successfully sent
2021-02-02T00:14:49.6041008+07:00 [DBG] (Hangfire.Server.ServerHeartbeatProcess) Server desktop-tngntrf:16280:a478302e heartbeat successfully sent
2021-02-02T00:15:19.6466754+07:00 [DBG] (Hangfire.Server.ServerHeartbeatProcess) Server desktop-tngntrf:16280:a478302e heartbeat successfully sent
2021-02-02T00:15:49.6982005+07:00 [DBG] (Hangfire.Server.ServerHeartbeatProcess) Server desktop-tngntrf:16280:a478302e heartbeat successfully sent
2021-02-02T00:16:19.7459493+07:00 [DBG] (Hangfire.Server.ServerHeartbeatProcess) Server desktop-tngntrf:16280:a478302e heartbeat successfully sent
2021-02-02T00:16:49.7834520+07:00 [DBG] (Hangfire.Server.ServerHeartbeatProcess) Server desktop-tngntrf:16280:a478302e heartbeat successfully sent
2021-02-02T00:17:04.1464766+07:00 [DBG] (Hangfire.SqlServer.CountersAggregator) Aggregating records in 'Counter' table...
2021-02-02T00:17:19.8335064+07:00 [DBG] (Hangfire.Server.ServerHeartbeatProcess) Server desktop-tngntrf:16280:a478302e heartbeat successfully sent
2021-02-02T00:17:49.8828563+07:00 [DBG] (Hangfire.Server.ServerHeartbeatProcess) Server desktop-tngntrf:16280:a478302e heartbeat successfully sent
2021-02-02T00:18:19.9386490+07:00 [DBG] (Hangfire.Server.ServerHeartbeatProcess) Server desktop-tngntrf:16280:a478302e heartbeat successfully sent
2021-02-02T00:18:50.0094383+07:00 [DBG] (Hangfire.Server.ServerHeartbeatProcess) Server desktop-tngntrf:16280:a478302e heartbeat successfully sent
2021-02-02T00:19:20.0591943+07:00 [DBG] (Hangfire.Server.ServerHeartbeatProcess) Server desktop-tngntrf:16280:a478302e heartbeat successfully sent
2021-02-02T00:19:50.0992001+07:00 [DBG] (Hangfire.Server.ServerHeartbeatProcess) Server desktop-tngntrf:16280:a478302e heartbeat successfully sent
2021-02-02T00:20:20.1509190+07:00 [DBG] (Hangfire.Server.ServerHeartbeatProcess) Server desktop-tngntrf:16280:a478302e heartbeat successfully sent
2021-02-02T00:20:50.1880136+07:00 [DBG] (Hangfire.Server.ServerHeartbeatProcess) Server desktop-tngntrf:16280:a478302e heartbeat successfully sent
2021-02-02T00:21:20.2472308+07:00 [DBG] (Hangfire.Server.ServerHeartbeatProcess) Server desktop-tngntrf:16280:a478302e heartbeat successfully sent
2021-02-02T00:21:50.2974757+07:00 [DBG] (Hangfire.Server.ServerHeartbeatProcess) Server desktop-tngntrf:16280:a478302e heartbeat successfully sent
2021-02-02T00:22:04.1980130+07:00 [DBG] (Hangfire.SqlServer.CountersAggregator) Aggregating records in 'Counter' table...
2021-02-02T00:22:20.3432733+07:00 [DBG] (Hangfire.Server.ServerHeartbeatProcess) Server desktop-tngntrf:16280:a478302e heartbeat successfully sent
2021-02-02T00:22:50.3905407+07:00 [DBG] (Hangfire.Server.ServerHeartbeatProcess) Server desktop-tngntrf:16280:a478302e heartbeat successfully sent
2021-02-02T00:23:20.4361899+07:00 [DBG] (Hangfire.Server.ServerHeartbeatProcess) Server desktop-tngntrf:16280:a478302e heartbeat successfully sent
2021-02-02T00:23:50.4957901+07:00 [DBG] (Hangfire.Server.ServerHeartbeatProcess) Server desktop-tngntrf:16280:a478302e heartbeat successfully sent
