2021-01-27T14:32:17.4486906+07:00 [INF] (Hangfire.SqlServer.SqlServerObjectsInstaller) Start installing Hangfire SQL objects...
2021-01-27T14:32:18.2057893+07:00 [INF] (Hangfire.SqlServer.SqlServerObjectsInstaller) Hangfire SQL objects installed.
2021-01-27T14:32:18.3121494+07:00 [INF] (Hangfire.BackgroundJobServer) Starting Hangfire Server using job storage: 'SQL Server: 103.27.236.245@nvthinh'
2021-01-27T14:32:18.3124085+07:00 [INF] (Hangfire.BackgroundJobServer) Using the following options for SQL Server job storage: Queue poll interval: 00:00:00.
2021-01-27T14:32:18.3127116+07:00 [INF] (Hangfire.BackgroundJobServer) Using the following options for Hangfire Server:
    Worker count: 20
    Listening queues: 'default'
    Shutdown timeout: 00:00:15
    Schedule polling interval: 00:00:15
2021-01-27T14:32:18.3370357+07:00 [DBG] (Hangfire.Processing.BackgroundExecution) Execution loop BackgroundServerProcess:2d271cee has started in 16.8702 ms
2021-01-27T14:32:18.6164581+07:00 [INF] (Hangfire.Server.BackgroundServerProcess) Server desktop-kvt18u7:15784:6ea62747 successfully announced in 267.9886 ms
2021-01-27T14:32:18.6253480+07:00 [DBG] (Hangfire.Processing.BackgroundExecution) Execution loop ServerHeartbeatProcess:b0156c29 has started in 7.4545 ms
2021-01-27T14:32:18.6332198+07:00 [INF] (Hangfire.Server.BackgroundServerProcess) Server desktop-kvt18u7:15784:6ea62747 is starting the registered dispatchers: ServerWatchdog, ServerJobCancellationWatcher, ExpirationManager, CountersAggregator, Worker, DelayedJobScheduler, RecurringJobScheduler...
2021-01-27T14:32:18.6419360+07:00 [DBG] (Hangfire.Processing.BackgroundExecution) Execution loop ServerWatchdog:19db18ac has started in 8.4915 ms
2021-01-27T14:32:18.6451091+07:00 [DBG] (Hangfire.Processing.BackgroundExecution) Execution loop ServerJobCancellationWatcher:321ce2fd has started in 7.2406 ms
2021-01-27T14:32:18.6500272+07:00 [DBG] (Hangfire.Processing.BackgroundExecution) Execution loop ExpirationManager:e0ccf088 has started in 4.9632 ms
2021-01-27T14:32:18.6532146+07:00 [DBG] (Hangfire.Processing.BackgroundExecution) Execution loop CountersAggregator:02240a53 has started in 7.4925 ms
2021-01-27T14:32:18.6582121+07:00 [DBG] (Hangfire.SqlServer.ExpirationManager) Removing outdated records from the 'AggregatedCounter' table...
2021-01-27T14:32:18.6604666+07:00 [DBG] (Hangfire.SqlServer.CountersAggregator) Aggregating records in 'Counter' table...
2021-01-27T14:32:18.6646187+07:00 [DBG] (Hangfire.Processing.BackgroundExecution) Execution loop Worker:681ae925 has started in 14.5986 ms
2021-01-27T14:32:18.6717789+07:00 [DBG] (Hangfire.Processing.BackgroundExecution) Execution loop Worker:427af513 has started in 21.8203 ms
2021-01-27T14:32:18.6822069+07:00 [DBG] (Hangfire.Processing.BackgroundExecution) Execution loop Worker:84bc1fb1 has started in 32.2412 ms
2021-01-27T14:32:18.6864857+07:00 [DBG] (Hangfire.Processing.BackgroundExecution) Execution loop Worker:77c8f590 has started in 36.528 ms
2021-01-27T14:32:18.6893674+07:00 [DBG] (Hangfire.Processing.BackgroundExecution) Execution loop Worker:5d1e803b has started in 39.3471 ms
2021-01-27T14:32:18.6934372+07:00 [DBG] (Hangfire.Processing.BackgroundExecution) Execution loop Worker:ea01ea09 has started in 43.4124 ms
2021-01-27T14:32:18.6997168+07:00 [DBG] (Hangfire.Processing.BackgroundExecution) Execution loop Worker:52dd3f3c has started in 49.7376 ms
2021-01-27T14:32:18.7024785+07:00 [DBG] (Hangfire.Processing.BackgroundExecution) Execution loop Worker:97083f4a has started in 52.4486 ms
2021-01-27T14:32:18.7095977+07:00 [DBG] (Hangfire.Processing.BackgroundExecution) Execution loop Worker:2ec0d939 has started in 59.5919 ms
2021-01-27T14:32:18.7137532+07:00 [DBG] (Hangfire.Processing.BackgroundExecution) Execution loop Worker:4172a342 has started in 63.7225 ms
2021-01-27T14:32:18.7177211+07:00 [DBG] (Hangfire.Processing.BackgroundExecution) Execution loop Worker:8148cf32 has started in 67.5845 ms
2021-01-27T14:32:18.7214496+07:00 [DBG] (Hangfire.Processing.BackgroundExecution) Execution loop Worker:dfe5c3d9 has started in 71.4478 ms
2021-01-27T14:32:18.7265849+07:00 [DBG] (Hangfire.Processing.BackgroundExecution) Execution loop Worker:acae2834 has started in 76.3243 ms
2021-01-27T14:32:18.7332490+07:00 [DBG] (Hangfire.Processing.BackgroundExecution) Execution loop Worker:643713b4 has started in 83.2704 ms
2021-01-27T14:32:18.7332791+07:00 [DBG] (Hangfire.Processing.BackgroundExecution) Execution loop Worker:ad519fa2 has started in 83.3466 ms
2021-01-27T14:32:18.7378931+07:00 [DBG] (Hangfire.Processing.BackgroundExecution) Execution loop Worker:de9ce8bb has started in 87.9325 ms
2021-01-27T14:32:18.7405727+07:00 [DBG] (Hangfire.Processing.BackgroundExecution) Execution loop Worker:d118d0b3 has started in 90.5712 ms
2021-01-27T14:32:18.7456490+07:00 [DBG] (Hangfire.Processing.BackgroundExecution) Execution loop Worker:3718cbe0 has started in 95.6907 ms
2021-01-27T14:32:18.7481830+07:00 [DBG] (Hangfire.Processing.BackgroundExecution) Execution loop Worker:5146b475 has started in 98.1927 ms
2021-01-27T14:32:18.7525730+07:00 [DBG] (Hangfire.Processing.BackgroundExecution) Execution loop Worker:291da3dc has started in 102.5775 ms
2021-01-27T14:32:18.7561212+07:00 [INF] (Hangfire.Server.BackgroundServerProcess) Server desktop-kvt18u7:15784:6ea62747 all the dispatchers started
2021-01-27T14:32:18.7562218+07:00 [DBG] (Hangfire.Processing.BackgroundExecution) Execution loop DelayedJobScheduler:e002343f has started in 8.1167 ms
2021-01-27T14:32:18.7600221+07:00 [DBG] (Hangfire.Processing.BackgroundExecution) Execution loop RecurringJobScheduler:86801199 has started in 7.5146 ms
2021-01-27T14:32:18.8630964+07:00 [DBG] (Hangfire.SqlServer.ExpirationManager) Removing outdated records from the 'Job' table...
2021-01-27T14:32:19.0481089+07:00 [DBG] (Hangfire.SqlServer.ExpirationManager) Removing outdated records from the 'List' table...
2021-01-27T14:32:19.1740166+07:00 [DBG] (Hangfire.SqlServer.ExpirationManager) Removing outdated records from the 'Set' table...
2021-01-27T14:32:19.2506242+07:00 [DBG] (Hangfire.SqlServer.ExpirationManager) Removing outdated records from the 'Hash' table...
2021-01-27T14:32:21.6763831+07:00 [INF] (Microsoft.Hosting.Lifetime) Application started. Press Ctrl+C to shut down.
2021-01-27T14:32:21.6766376+07:00 [INF] (Microsoft.Hosting.Lifetime) Hosting environment: "Development"
2021-01-27T14:32:21.6766975+07:00 [INF] (Microsoft.Hosting.Lifetime) Content root path: "D:\Source\B\sln\ASPNetCore3"
2021-01-27T14:32:48.7241171+07:00 [DBG] (Hangfire.Server.ServerHeartbeatProcess) Server desktop-kvt18u7:15784:6ea62747 heartbeat successfully sent
2021-01-27T15:24:43.1420810+07:00 [INF] (Hangfire.SqlServer.SqlServerObjectsInstaller) Start installing Hangfire SQL objects...
2021-01-27T15:24:43.7492031+07:00 [INF] (Hangfire.SqlServer.SqlServerObjectsInstaller) Hangfire SQL objects installed.
2021-01-27T15:24:43.8163296+07:00 [INF] (Hangfire.BackgroundJobServer) Starting Hangfire Server using job storage: 'SQL Server: 103.27.236.245@nvthinh'
2021-01-27T15:24:43.8191180+07:00 [INF] (Hangfire.BackgroundJobServer) Using the following options for SQL Server job storage: Queue poll interval: 00:00:00.
2021-01-27T15:24:43.8193685+07:00 [INF] (Hangfire.BackgroundJobServer) Using the following options for Hangfire Server:
    Worker count: 20
    Listening queues: 'default'
    Shutdown timeout: 00:00:15
    Schedule polling interval: 00:00:15
2021-01-27T15:24:43.8451217+07:00 [DBG] (Hangfire.Processing.BackgroundExecution) Execution loop BackgroundServerProcess:e949bfe9 has started in 16.7075 ms
2021-01-27T15:24:44.2004325+07:00 [INF] (Hangfire.Server.BackgroundServerProcess) Server desktop-kvt18u7:8868:36a0e38c successfully announced in 340.517 ms
2021-01-27T15:24:44.2090480+07:00 [DBG] (Hangfire.Processing.BackgroundExecution) Execution loop ServerHeartbeatProcess:41e2dff1 has started in 7.0222 ms
2021-01-27T15:24:44.2095220+07:00 [INF] (Hangfire.Server.BackgroundServerProcess) Server desktop-kvt18u7:8868:36a0e38c is starting the registered dispatchers: ServerWatchdog, ServerJobCancellationWatcher, ExpirationManager, CountersAggregator, Worker, DelayedJobScheduler, RecurringJobScheduler...
2021-01-27T15:24:44.2369026+07:00 [DBG] (Hangfire.Processing.BackgroundExecution) Execution loop ServerWatchdog:572d4216 has started in 27.1745 ms
2021-01-27T15:24:44.2393037+07:00 [DBG] (Hangfire.Processing.BackgroundExecution) Execution loop ServerJobCancellationWatcher:a4900718 has started in 29.0543 ms
2021-01-27T15:24:44.2451822+07:00 [DBG] (Hangfire.Processing.BackgroundExecution) Execution loop ExpirationManager:34f0d2f5 has started in 7.416 ms
2021-01-27T15:24:44.2493274+07:00 [DBG] (Hangfire.Processing.BackgroundExecution) Execution loop CountersAggregator:b3745d6f has started in 9.4304 ms
2021-01-27T15:24:44.2543747+07:00 [DBG] (Hangfire.Processing.BackgroundExecution) Execution loop Worker:99e77596 has started in 10.3761 ms
2021-01-27T15:24:44.2569910+07:00 [DBG] (Hangfire.Processing.BackgroundExecution) Execution loop Worker:c804df44 has started in 12.9718 ms
2021-01-27T15:24:44.2572202+07:00 [DBG] (Hangfire.SqlServer.ExpirationManager) Removing outdated records from the 'AggregatedCounter' table...
2021-01-27T15:24:44.2605563+07:00 [DBG] (Hangfire.Processing.BackgroundExecution) Execution loop Worker:0d9b6414 has started in 16.6002 ms
2021-01-27T15:24:44.2605563+07:00 [DBG] (Hangfire.SqlServer.CountersAggregator) Aggregating records in 'Counter' table...
2021-01-27T15:24:44.2665134+07:00 [DBG] (Hangfire.Processing.BackgroundExecution) Execution loop Worker:dcbe79af has started in 22.444 ms
2021-01-27T15:24:44.2713155+07:00 [DBG] (Hangfire.Processing.BackgroundExecution) Execution loop Worker:305f6793 has started in 27.335 ms
2021-01-27T15:24:44.2775059+07:00 [DBG] (Hangfire.Processing.BackgroundExecution) Execution loop Worker:a334dafc has started in 33.4656 ms
2021-01-27T15:24:44.2819296+07:00 [DBG] (Hangfire.Processing.BackgroundExecution) Execution loop Worker:1f5e2951 has started in 37.8768 ms
2021-01-27T15:24:44.2854317+07:00 [DBG] (Hangfire.Processing.BackgroundExecution) Execution loop Worker:94081e7c has started in 41.3919 ms
2021-01-27T15:24:44.2899523+07:00 [DBG] (Hangfire.Processing.BackgroundExecution) Execution loop Worker:2c6655ed has started in 45.9761 ms
2021-01-27T15:24:44.2920380+07:00 [DBG] (Hangfire.Processing.BackgroundExecution) Execution loop Worker:b436c8dc has started in 47.9711 ms
2021-01-27T15:24:44.2976739+07:00 [DBG] (Hangfire.Processing.BackgroundExecution) Execution loop Worker:c958ef3c has started in 53.651 ms
2021-01-27T15:24:44.3010955+07:00 [DBG] (Hangfire.Processing.BackgroundExecution) Execution loop Worker:7aad6fde has started in 57.0651 ms
2021-01-27T15:24:44.3063474+07:00 [DBG] (Hangfire.Processing.BackgroundExecution) Execution loop Worker:83743578 has started in 62.3174 ms
2021-01-27T15:24:44.3093573+07:00 [DBG] (Hangfire.Processing.BackgroundExecution) Execution loop Worker:03510127 has started in 65.0421 ms
2021-01-27T15:24:44.3129759+07:00 [DBG] (Hangfire.Processing.BackgroundExecution) Execution loop Worker:522d31ef has started in 68.9981 ms
2021-01-27T15:24:44.3161390+07:00 [DBG] (Hangfire.Processing.BackgroundExecution) Execution loop Worker:c379fd3a has started in 72.1363 ms
2021-01-27T15:24:44.3191731+07:00 [DBG] (Hangfire.Processing.BackgroundExecution) Execution loop Worker:02d71109 has started in 75.1046 ms
2021-01-27T15:24:44.3235215+07:00 [DBG] (Hangfire.Processing.BackgroundExecution) Execution loop Worker:a82fbf8b has started in 79.5481 ms
2021-01-27T15:24:44.3261577+07:00 [DBG] (Hangfire.Processing.BackgroundExecution) Execution loop Worker:309c329f has started in 82.1082 ms
2021-01-27T15:24:44.3310677+07:00 [DBG] (Hangfire.Processing.BackgroundExecution) Execution loop Worker:6885a2e1 has started in 87.0329 ms
2021-01-27T15:24:44.3359613+07:00 [INF] (Hangfire.Server.BackgroundServerProcess) Server desktop-kvt18u7:8868:36a0e38c all the dispatchers started
2021-01-27T15:24:44.3360505+07:00 [DBG] (Hangfire.Processing.BackgroundExecution) Execution loop DelayedJobScheduler:505351fd has started in 9.9219 ms
2021-01-27T15:24:44.3398979+07:00 [DBG] (Hangfire.Processing.BackgroundExecution) Execution loop RecurringJobScheduler:79e1824b has started in 8.9169 ms
2021-01-27T15:24:44.5341654+07:00 [INF] (Hangfire.Server.ServerWatchdog) 1 servers were removed due to timeout
2021-01-27T15:24:44.8074666+07:00 [DBG] (Hangfire.SqlServer.ExpirationManager) Removing outdated records from the 'Job' table...
2021-01-27T15:24:45.6346519+07:00 [DBG] (Hangfire.SqlServer.ExpirationManager) Removing outdated records from the 'List' table...
2021-01-27T15:24:46.0883936+07:00 [DBG] (Hangfire.SqlServer.ExpirationManager) Removing outdated records from the 'Set' table...
2021-01-27T15:24:46.3966077+07:00 [DBG] (Hangfire.SqlServer.ExpirationManager) Removing outdated records from the 'Hash' table...
2021-01-27T15:24:48.0907572+07:00 [INF] (Microsoft.Hosting.Lifetime) Application started. Press Ctrl+C to shut down.
2021-01-27T15:24:48.0910003+07:00 [INF] (Microsoft.Hosting.Lifetime) Hosting environment: "Development"
2021-01-27T15:24:48.0910427+07:00 [INF] (Microsoft.Hosting.Lifetime) Content root path: "D:\Source\B\sln\ASPNetCore3"
2021-01-27T15:25:14.3071209+07:00 [DBG] (Hangfire.Server.ServerHeartbeatProcess) Server desktop-kvt18u7:8868:36a0e38c heartbeat successfully sent
2021-01-27T15:25:44.5741106+07:00 [DBG] (Hangfire.Server.ServerHeartbeatProcess) Server desktop-kvt18u7:8868:36a0e38c heartbeat successfully sent
2021-01-27T15:30:59.4257522+07:00 [INF] (Hangfire.SqlServer.SqlServerObjectsInstaller) Start installing Hangfire SQL objects...
2021-01-27T15:30:59.8784599+07:00 [INF] (Hangfire.SqlServer.SqlServerObjectsInstaller) Hangfire SQL objects installed.
2021-01-27T15:30:59.9414601+07:00 [INF] (Hangfire.BackgroundJobServer) Starting Hangfire Server using job storage: 'SQL Server: 103.27.236.245@nvthinh'
2021-01-27T15:30:59.9417109+07:00 [INF] (Hangfire.BackgroundJobServer) Using the following options for SQL Server job storage: Queue poll interval: 00:00:00.
2021-01-27T15:30:59.9418885+07:00 [INF] (Hangfire.BackgroundJobServer) Using the following options for Hangfire Server:
    Worker count: 20
    Listening queues: 'default'
    Shutdown timeout: 00:00:15
    Schedule polling interval: 00:00:15
2021-01-27T15:30:59.9622988+07:00 [DBG] (Hangfire.Processing.BackgroundExecution) Execution loop BackgroundServerProcess:a8a2d421 has started in 15.7179 ms
2021-01-27T15:31:00.2497990+07:00 [INF] (Hangfire.Server.BackgroundServerProcess) Server desktop-kvt18u7:8912:8f7998ef successfully announced in 274.985 ms
2021-01-27T15:31:00.2571456+07:00 [DBG] (Hangfire.Processing.BackgroundExecution) Execution loop ServerHeartbeatProcess:91575498 has started in 6.4103 ms
2021-01-27T15:31:00.2575261+07:00 [INF] (Hangfire.Server.BackgroundServerProcess) Server desktop-kvt18u7:8912:8f7998ef is starting the registered dispatchers: ServerWatchdog, ServerJobCancellationWatcher, ExpirationManager, CountersAggregator, Worker, DelayedJobScheduler, RecurringJobScheduler...
2021-01-27T15:31:00.2674993+07:00 [DBG] (Hangfire.Processing.BackgroundExecution) Execution loop ServerWatchdog:4f4cca75 has started in 9.7358 ms
2021-01-27T15:31:00.2712288+07:00 [DBG] (Hangfire.Processing.BackgroundExecution) Execution loop ServerJobCancellationWatcher:cad00d66 has started in 7.2329 ms
2021-01-27T15:31:00.2970053+07:00 [DBG] (Hangfire.Processing.BackgroundExecution) Execution loop ExpirationManager:4ebe264c has started in 25.8495 ms
2021-01-27T15:31:00.2988695+07:00 [DBG] (Hangfire.Processing.BackgroundExecution) Execution loop CountersAggregator:fdef0e38 has started in 27.1256 ms
2021-01-27T15:31:00.3267287+07:00 [DBG] (Hangfire.Processing.BackgroundExecution) Execution loop Worker:e9c55a8d has started in 54.1965 ms
2021-01-27T15:31:00.3289155+07:00 [DBG] (Hangfire.Processing.BackgroundExecution) Execution loop Worker:67b70ce2 has started in 56.7369 ms
2021-01-27T15:31:00.3289124+07:00 [DBG] (Hangfire.Processing.BackgroundExecution) Execution loop Worker:b392629c has started in 56.687 ms
2021-01-27T15:31:00.3305150+07:00 [DBG] (Hangfire.SqlServer.CountersAggregator) Aggregating records in 'Counter' table...
2021-01-27T15:31:00.3330921+07:00 [DBG] (Hangfire.Processing.BackgroundExecution) Execution loop Worker:e92f5303 has started in 60.8908 ms
2021-01-27T15:31:00.3333142+07:00 [DBG] (Hangfire.SqlServer.ExpirationManager) Removing outdated records from the 'AggregatedCounter' table...
2021-01-27T15:31:00.3374141+07:00 [DBG] (Hangfire.Processing.BackgroundExecution) Execution loop Worker:9665b308 has started in 65.2084 ms
2021-01-27T15:31:00.3401940+07:00 [DBG] (Hangfire.Processing.BackgroundExecution) Execution loop Worker:ad3992f1 has started in 67.7833 ms
2021-01-27T15:31:00.3441525+07:00 [DBG] (Hangfire.Processing.BackgroundExecution) Execution loop Worker:c2fa73a6 has started in 71.827 ms
2021-01-27T15:31:00.3752091+07:00 [INF] (Hangfire.Server.ServerWatchdog) 1 servers were removed due to timeout
2021-01-27T15:31:00.3752238+07:00 [DBG] (Hangfire.Processing.BackgroundExecution) Execution loop Worker:e90122f9 has started in 103.0482 ms
2021-01-27T15:31:00.3752092+07:00 [DBG] (Hangfire.Processing.BackgroundExecution) Execution loop Worker:6f829506 has started in 102.9841 ms
2021-01-27T15:31:00.3752316+07:00 [DBG] (Hangfire.Processing.BackgroundExecution) Execution loop Worker:1ac3cfe3 has started in 103.055 ms
2021-01-27T15:31:00.3806115+07:00 [DBG] (Hangfire.Processing.BackgroundExecution) Execution loop Worker:9cbf0f90 has started in 108.4004 ms
2021-01-27T15:31:00.3848783+07:00 [DBG] (Hangfire.Processing.BackgroundExecution) Execution loop Worker:47acb44e has started in 112.6089 ms
2021-01-27T15:31:00.3901489+07:00 [DBG] (Hangfire.Processing.BackgroundExecution) Execution loop Worker:a444364d has started in 117.8717 ms
2021-01-27T15:31:00.3935812+07:00 [DBG] (Hangfire.Processing.BackgroundExecution) Execution loop Worker:9ad1cb8e has started in 121.3828 ms
2021-01-27T15:31:00.3965998+07:00 [DBG] (Hangfire.Processing.BackgroundExecution) Execution loop Worker:c1c8aaf3 has started in 124.3964 ms
2021-01-27T15:31:00.4011513+07:00 [DBG] (Hangfire.Processing.BackgroundExecution) Execution loop Worker:5be86f43 has started in 128.9377 ms
2021-01-27T15:31:00.4044448+07:00 [DBG] (Hangfire.Processing.BackgroundExecution) Execution loop Worker:b37c3d2e has started in 132.2275 ms
2021-01-27T15:31:00.4069983+07:00 [DBG] (Hangfire.Processing.BackgroundExecution) Execution loop Worker:80bbaf56 has started in 134.7159 ms
2021-01-27T15:31:00.4106467+07:00 [DBG] (Hangfire.Processing.BackgroundExecution) Execution loop Worker:3a40babb has started in 138.4054 ms
2021-01-27T15:31:00.4157382+07:00 [DBG] (Hangfire.Processing.BackgroundExecution) Execution loop Worker:4b8ac937 has started in 143.3234 ms
2021-01-27T15:31:00.4200610+07:00 [INF] (Hangfire.Server.BackgroundServerProcess) Server desktop-kvt18u7:8912:8f7998ef all the dispatchers started
2021-01-27T15:31:00.4209255+07:00 [DBG] (Hangfire.Processing.BackgroundExecution) Execution loop DelayedJobScheduler:ae7d9b47 has started in 10.3279 ms
2021-01-27T15:31:00.4240173+07:00 [DBG] (Hangfire.Processing.BackgroundExecution) Execution loop RecurringJobScheduler:1329f325 has started in 8.5535 ms
2021-01-27T15:31:00.5128996+07:00 [DBG] (Hangfire.SqlServer.ExpirationManager) Removing outdated records from the 'Job' table...
2021-01-27T15:31:00.7923067+07:00 [DBG] (Hangfire.SqlServer.ExpirationManager) Removing outdated records from the 'List' table...
2021-01-27T15:31:00.8678007+07:00 [DBG] (Hangfire.SqlServer.ExpirationManager) Removing outdated records from the 'Set' table...
2021-01-27T15:31:00.9492525+07:00 [DBG] (Hangfire.SqlServer.ExpirationManager) Removing outdated records from the 'Hash' table...
2021-01-27T15:31:02.7435979+07:00 [INF] (Microsoft.Hosting.Lifetime) Application started. Press Ctrl+C to shut down.
2021-01-27T15:31:02.7437476+07:00 [INF] (Microsoft.Hosting.Lifetime) Hosting environment: "Development"
2021-01-27T15:31:02.7437794+07:00 [INF] (Microsoft.Hosting.Lifetime) Content root path: "D:\Source\B\sln\ASPNetCore3"
2021-01-27T15:31:30.3597122+07:00 [DBG] (Hangfire.Server.ServerHeartbeatProcess) Server desktop-kvt18u7:8912:8f7998ef heartbeat successfully sent
2021-01-27T16:18:57.8197760+07:00 [INF] (Hangfire.SqlServer.SqlServerObjectsInstaller) Start installing Hangfire SQL objects...
2021-01-27T16:18:58.2890791+07:00 [INF] (Hangfire.SqlServer.SqlServerObjectsInstaller) Hangfire SQL objects installed.
2021-01-27T16:18:58.3543148+07:00 [INF] (Hangfire.BackgroundJobServer) Starting Hangfire Server using job storage: 'SQL Server: 103.27.236.245@nvthinh'
2021-01-27T16:18:58.3546969+07:00 [INF] (Hangfire.BackgroundJobServer) Using the following options for SQL Server job storage: Queue poll interval: 00:00:00.
2021-01-27T16:18:58.3550957+07:00 [INF] (Hangfire.BackgroundJobServer) Using the following options for Hangfire Server:
    Worker count: 20
    Listening queues: 'default'
    Shutdown timeout: 00:00:15
    Schedule polling interval: 00:00:15
2021-01-27T16:18:58.3786488+07:00 [DBG] (Hangfire.Processing.BackgroundExecution) Execution loop BackgroundServerProcess:cc0b94f0 has started in 15.529 ms
2021-01-27T16:18:58.6632396+07:00 [INF] (Hangfire.Server.BackgroundServerProcess) Server desktop-kvt18u7:13640:4fba6c31 successfully announced in 274.387 ms
2021-01-27T16:18:58.6699739+07:00 [DBG] (Hangfire.Processing.BackgroundExecution) Execution loop ServerHeartbeatProcess:3a5b7f40 has started in 5.4235 ms
2021-01-27T16:18:58.6702929+07:00 [INF] (Hangfire.Server.BackgroundServerProcess) Server desktop-kvt18u7:13640:4fba6c31 is starting the registered dispatchers: ServerWatchdog, ServerJobCancellationWatcher, ExpirationManager, CountersAggregator, Worker, DelayedJobScheduler, RecurringJobScheduler...
2021-01-27T16:18:58.6971724+07:00 [DBG] (Hangfire.Processing.BackgroundExecution) Execution loop ServerWatchdog:9537f9ba has started in 26.7276 ms
2021-01-27T16:18:58.7055127+07:00 [DBG] (Hangfire.Processing.BackgroundExecution) Execution loop ServerJobCancellationWatcher:fe3e0e35 has started in 34.6475 ms
2021-01-27T16:18:58.7136785+07:00 [DBG] (Hangfire.Processing.BackgroundExecution) Execution loop ExpirationManager:a6181602 has started in 17.8392 ms
2021-01-27T16:18:58.7187816+07:00 [DBG] (Hangfire.Processing.BackgroundExecution) Execution loop CountersAggregator:ca525eb5 has started in 11.0902 ms
2021-01-27T16:18:58.7247428+07:00 [DBG] (Hangfire.SqlServer.CountersAggregator) Aggregating records in 'Counter' table...
2021-01-27T16:18:58.7262967+07:00 [DBG] (Hangfire.Processing.BackgroundExecution) Execution loop Worker:d2a0ba3e has started in 12.7028 ms
2021-01-27T16:18:58.7309032+07:00 [DBG] (Hangfire.Processing.BackgroundExecution) Execution loop Worker:edbeb4f8 has started in 17.1595 ms
2021-01-27T16:18:58.7334986+07:00 [DBG] (Hangfire.SqlServer.ExpirationManager) Removing outdated records from the 'AggregatedCounter' table...
2021-01-27T16:18:58.7403389+07:00 [DBG] (Hangfire.Processing.BackgroundExecution) Execution loop Worker:8650c6de has started in 26.7448 ms
2021-01-27T16:18:58.7504991+07:00 [INF] (Hangfire.Server.ServerWatchdog) 1 servers were removed due to timeout
2021-01-27T16:18:58.7511505+07:00 [DBG] (Hangfire.Processing.BackgroundExecution) Execution loop Worker:a1827dec has started in 29.4125 ms
2021-01-27T16:18:58.7634532+07:00 [DBG] (Hangfire.Processing.BackgroundExecution) Execution loop Worker:3efb2d6f has started in 49.8148 ms
2021-01-27T16:18:58.7686486+07:00 [DBG] (Hangfire.Processing.BackgroundExecution) Execution loop Worker:145f9949 has started in 55.0418 ms
2021-01-27T16:18:58.7743702+07:00 [DBG] (Hangfire.Processing.BackgroundExecution) Execution loop Worker:692c2d66 has started in 60.0051 ms
2021-01-27T16:18:58.7793714+07:00 [DBG] (Hangfire.Processing.BackgroundExecution) Execution loop Worker:ebcee44b has started in 65.63 ms
2021-01-27T16:18:58.7843146+07:00 [DBG] (Hangfire.Processing.BackgroundExecution) Execution loop Worker:ec758d4c has started in 70.7094 ms
2021-01-27T16:18:58.7935896+07:00 [DBG] (Hangfire.Processing.BackgroundExecution) Execution loop Worker:e8a57bc1 has started in 79.9037 ms
2021-01-27T16:18:58.8010655+07:00 [DBG] (Hangfire.Processing.BackgroundExecution) Execution loop Worker:72942d51 has started in 87.3575 ms
2021-01-27T16:18:58.8069833+07:00 [DBG] (Hangfire.Processing.BackgroundExecution) Execution loop Worker:75ccb85f has started in 93.3868 ms
2021-01-27T16:18:58.8108996+07:00 [DBG] (Hangfire.Processing.BackgroundExecution) Execution loop Worker:28cd9314 has started in 97.2697 ms
2021-01-27T16:18:58.8176605+07:00 [DBG] (Hangfire.Processing.BackgroundExecution) Execution loop Worker:b62e7d37 has started in 103.8847 ms
2021-01-27T16:18:58.8223537+07:00 [DBG] (Hangfire.Processing.BackgroundExecution) Execution loop Worker:b1fcc8a8 has started in 108.6632 ms
2021-01-27T16:18:58.8276096+07:00 [DBG] (Hangfire.Processing.BackgroundExecution) Execution loop Worker:87588f53 has started in 113.8615 ms
2021-01-27T16:18:58.8336342+07:00 [DBG] (Hangfire.Processing.BackgroundExecution) Execution loop Worker:664e2b57 has started in 120.0385 ms
2021-01-27T16:18:58.8376829+07:00 [DBG] (Hangfire.Processing.BackgroundExecution) Execution loop Worker:10058cee has started in 123.9964 ms
2021-01-27T16:18:58.8437749+07:00 [DBG] (Hangfire.Processing.BackgroundExecution) Execution loop Worker:da17dc36 has started in 130.1722 ms
2021-01-27T16:18:58.8487078+07:00 [DBG] (Hangfire.Processing.BackgroundExecution) Execution loop Worker:18c68e95 has started in 135.0365 ms
2021-01-27T16:18:58.8552325+07:00 [DBG] (Hangfire.Processing.BackgroundExecution) Execution loop DelayedJobScheduler:8cc19821 has started in 11.4402 ms
2021-01-27T16:18:58.8555934+07:00 [INF] (Hangfire.Server.BackgroundServerProcess) Server desktop-kvt18u7:13640:4fba6c31 all the dispatchers started
2021-01-27T16:18:58.8607895+07:00 [DBG] (Hangfire.Processing.BackgroundExecution) Execution loop RecurringJobScheduler:2b877dad has started in 5.626 ms
2021-01-27T16:18:58.9410413+07:00 [DBG] (Hangfire.SqlServer.ExpirationManager) Removing outdated records from the 'Job' table...
2021-01-27T16:18:59.0426710+07:00 [DBG] (Hangfire.SqlServer.ExpirationManager) Removing outdated records from the 'List' table...
2021-01-27T16:18:59.3383671+07:00 [DBG] (Hangfire.SqlServer.ExpirationManager) Removing outdated records from the 'Set' table...
2021-01-27T16:18:59.4190306+07:00 [DBG] (Hangfire.SqlServer.ExpirationManager) Removing outdated records from the 'Hash' table...
2021-01-27T16:19:01.3496775+07:00 [INF] (Microsoft.Hosting.Lifetime) Application started. Press Ctrl+C to shut down.
2021-01-27T16:19:01.3498234+07:00 [INF] (Microsoft.Hosting.Lifetime) Hosting environment: "Development"
2021-01-27T16:19:01.3498549+07:00 [INF] (Microsoft.Hosting.Lifetime) Content root path: "D:\Source\B\sln\ASPNetCore3"
2021-01-27T16:19:28.8364782+07:00 [DBG] (Hangfire.Server.ServerHeartbeatProcess) Server desktop-kvt18u7:13640:4fba6c31 heartbeat successfully sent
2021-01-27T16:24:36.2151878+07:00 [INF] (Hangfire.SqlServer.SqlServerObjectsInstaller) Start installing Hangfire SQL objects...
2021-01-27T16:24:36.7690716+07:00 [INF] (Hangfire.SqlServer.SqlServerObjectsInstaller) Hangfire SQL objects installed.
2021-01-27T16:24:36.8530214+07:00 [INF] (Hangfire.BackgroundJobServer) Starting Hangfire Server using job storage: 'SQL Server: 103.27.236.245@nvthinh'
2021-01-27T16:24:36.8532809+07:00 [INF] (Hangfire.BackgroundJobServer) Using the following options for SQL Server job storage: Queue poll interval: 00:00:00.
2021-01-27T16:24:36.8535402+07:00 [INF] (Hangfire.BackgroundJobServer) Using the following options for Hangfire Server:
    Worker count: 20
    Listening queues: 'default'
    Shutdown timeout: 00:00:15
    Schedule polling interval: 00:00:15
2021-01-27T16:24:36.9077264+07:00 [DBG] (Hangfire.Processing.BackgroundExecution) Execution loop BackgroundServerProcess:00e3c5b0 has started in 44.7802 ms
2021-01-27T16:24:37.2989273+07:00 [INF] (Hangfire.Server.BackgroundServerProcess) Server desktop-kvt18u7:21076:b37c2422 successfully announced in 376.9012 ms
2021-01-27T16:24:37.3080282+07:00 [DBG] (Hangfire.Processing.BackgroundExecution) Execution loop ServerHeartbeatProcess:09b7a05c has started in 7.6282 ms
2021-01-27T16:24:37.3083981+07:00 [INF] (Hangfire.Server.BackgroundServerProcess) Server desktop-kvt18u7:21076:b37c2422 is starting the registered dispatchers: ServerWatchdog, ServerJobCancellationWatcher, ExpirationManager, CountersAggregator, Worker, DelayedJobScheduler, RecurringJobScheduler...
2021-01-27T16:24:37.3164538+07:00 [DBG] (Hangfire.Processing.BackgroundExecution) Execution loop ServerWatchdog:1b448de5 has started in 7.7842 ms
2021-01-27T16:24:37.3216332+07:00 [DBG] (Hangfire.Processing.BackgroundExecution) Execution loop ServerJobCancellationWatcher:63b39f8b has started in 12.4685 ms
2021-01-27T16:24:37.3280340+07:00 [DBG] (Hangfire.Processing.BackgroundExecution) Execution loop ExpirationManager:003d1c03 has started in 6.4525 ms
2021-01-27T16:24:37.3364674+07:00 [DBG] (Hangfire.Processing.BackgroundExecution) Execution loop CountersAggregator:56893c3c has started in 14.0363 ms
2021-01-27T16:24:37.3660622+07:00 [DBG] (Hangfire.Processing.BackgroundExecution) Execution loop Worker:77e0cc49 has started in 38.1761 ms
2021-01-27T16:24:37.3660622+07:00 [DBG] (Hangfire.Processing.BackgroundExecution) Execution loop Worker:c0bb2938 has started in 38.1421 ms
2021-01-27T16:24:37.3671080+07:00 [DBG] (Hangfire.SqlServer.CountersAggregator) Aggregating records in 'Counter' table...
2021-01-27T16:24:37.3678681+07:00 [DBG] (Hangfire.SqlServer.ExpirationManager) Removing outdated records from the 'AggregatedCounter' table...
2021-01-27T16:24:37.3756658+07:00 [DBG] (Hangfire.Processing.BackgroundExecution) Execution loop Worker:5713c871 has started in 47.7276 ms
2021-01-27T16:24:37.4019289+07:00 [INF] (Hangfire.Server.ServerWatchdog) 1 servers were removed due to timeout
2021-01-27T16:24:37.4019571+07:00 [DBG] (Hangfire.Processing.BackgroundExecution) Execution loop Worker:e8571dc4 has started in 74.0629 ms
2021-01-27T16:24:37.4021623+07:00 [DBG] (Hangfire.Processing.BackgroundExecution) Execution loop Worker:14486d35 has started in 74.2807 ms
2021-01-27T16:24:37.4109013+07:00 [DBG] (Hangfire.Processing.BackgroundExecution) Execution loop Worker:f49546ae has started in 82.981 ms
2021-01-27T16:24:37.4154986+07:00 [DBG] (Hangfire.Processing.BackgroundExecution) Execution loop Worker:6a5e57b4 has started in 87.5679 ms
2021-01-27T16:24:37.4187104+07:00 [DBG] (Hangfire.Processing.BackgroundExecution) Execution loop Worker:fe2ee521 has started in 90.7276 ms
2021-01-27T16:24:37.4241563+07:00 [DBG] (Hangfire.Processing.BackgroundExecution) Execution loop Worker:62103008 has started in 96.2362 ms
2021-01-27T16:24:37.4534888+07:00 [DBG] (Hangfire.Processing.BackgroundExecution) Execution loop Worker:c5794728 has started in 125.5684 ms
2021-01-27T16:24:37.4535845+07:00 [DBG] (Hangfire.Processing.BackgroundExecution) Execution loop Worker:9c22fb28 has started in 125.6949 ms
2021-01-27T16:24:37.4592787+07:00 [DBG] (Hangfire.Processing.BackgroundExecution) Execution loop Worker:3deb3fc5 has started in 131.3588 ms
2021-01-27T16:24:37.4634177+07:00 [DBG] (Hangfire.Processing.BackgroundExecution) Execution loop Worker:0f1c7ddd has started in 135.3531 ms
2021-01-27T16:24:37.4704915+07:00 [DBG] (Hangfire.Processing.BackgroundExecution) Execution loop Worker:324c4992 has started in 142.5812 ms
2021-01-27T16:24:37.4759850+07:00 [DBG] (Hangfire.Processing.BackgroundExecution) Execution loop Worker:f9b45a4c has started in 147.9044 ms
2021-01-27T16:24:37.4819525+07:00 [DBG] (Hangfire.Processing.BackgroundExecution) Execution loop Worker:a2dedc90 has started in 154.0449 ms
2021-01-27T16:24:37.4886471+07:00 [DBG] (Hangfire.Processing.BackgroundExecution) Execution loop Worker:56843872 has started in 160.6256 ms
2021-01-27T16:24:37.4959488+07:00 [DBG] (Hangfire.Processing.BackgroundExecution) Execution loop Worker:82e621d0 has started in 166.7482 ms
2021-01-27T16:24:37.5030994+07:00 [DBG] (Hangfire.Processing.BackgroundExecution) Execution loop Worker:58e0d2b4 has started in 175.1656 ms
2021-01-27T16:24:37.5100777+07:00 [DBG] (Hangfire.Processing.BackgroundExecution) Execution loop Worker:07aa31c4 has started in 182.1422 ms
2021-01-27T16:24:37.5180355+07:00 [DBG] (Hangfire.Processing.BackgroundExecution) Execution loop DelayedJobScheduler:21af4734 has started in 19.6815 ms
2021-01-27T16:24:37.5182895+07:00 [INF] (Hangfire.Server.BackgroundServerProcess) Server desktop-kvt18u7:21076:b37c2422 all the dispatchers started
2021-01-27T16:24:37.5243943+07:00 [DBG] (Hangfire.Processing.BackgroundExecution) Execution loop RecurringJobScheduler:42955d5e has started in 14.8328 ms
2021-01-27T16:24:37.6263681+07:00 [DBG] (Hangfire.SqlServer.ExpirationManager) Removing outdated records from the 'Job' table...
2021-01-27T16:24:37.7295476+07:00 [DBG] (Hangfire.SqlServer.ExpirationManager) Removing outdated records from the 'List' table...
2021-01-27T16:24:37.9811239+07:00 [DBG] (Hangfire.SqlServer.ExpirationManager) Removing outdated records from the 'Set' table...
2021-01-27T16:24:38.0565509+07:00 [DBG] (Hangfire.SqlServer.ExpirationManager) Removing outdated records from the 'Hash' table...
2021-01-27T16:24:40.2969675+07:00 [INF] (Microsoft.Hosting.Lifetime) Application started. Press Ctrl+C to shut down.
2021-01-27T16:24:40.2971766+07:00 [INF] (Microsoft.Hosting.Lifetime) Hosting environment: "Development"
2021-01-27T16:24:40.2972250+07:00 [INF] (Microsoft.Hosting.Lifetime) Content root path: "D:\Source\B\sln\ASPNetCore3"
2021-01-27T16:25:07.3653315+07:00 [DBG] (Hangfire.Server.ServerHeartbeatProcess) Server desktop-kvt18u7:21076:b37c2422 heartbeat successfully sent
2021-01-27T16:26:39.7897737+07:00 [INF] (Hangfire.SqlServer.SqlServerObjectsInstaller) Start installing Hangfire SQL objects...
2021-01-27T16:26:40.3480958+07:00 [INF] (Hangfire.SqlServer.SqlServerObjectsInstaller) Hangfire SQL objects installed.
2021-01-27T16:26:40.4294414+07:00 [INF] (Hangfire.BackgroundJobServer) Starting Hangfire Server using job storage: 'SQL Server: 103.27.236.245@nvthinh'
2021-01-27T16:26:40.4297836+07:00 [INF] (Hangfire.BackgroundJobServer) Using the following options for SQL Server job storage: Queue poll interval: 00:00:00.
2021-01-27T16:26:40.4301388+07:00 [INF] (Hangfire.BackgroundJobServer) Using the following options for Hangfire Server:
    Worker count: 20
    Listening queues: 'default'
    Shutdown timeout: 00:00:15
    Schedule polling interval: 00:00:15
2021-01-27T16:26:40.4589463+07:00 [DBG] (Hangfire.Processing.BackgroundExecution) Execution loop BackgroundServerProcess:7b47d3bb has started in 19.61 ms
2021-01-27T16:26:40.8455395+07:00 [INF] (Hangfire.Server.BackgroundServerProcess) Server desktop-kvt18u7:7528:ca5bec27 successfully announced in 374.0415 ms
2021-01-27T16:26:40.8572467+07:00 [DBG] (Hangfire.Processing.BackgroundExecution) Execution loop ServerHeartbeatProcess:69b9fe3e has started in 10.1716 ms
2021-01-27T16:26:40.8588127+07:00 [INF] (Hangfire.Server.BackgroundServerProcess) Server desktop-kvt18u7:7528:ca5bec27 is starting the registered dispatchers: ServerWatchdog, ServerJobCancellationWatcher, ExpirationManager, CountersAggregator, Worker, DelayedJobScheduler, RecurringJobScheduler...
2021-01-27T16:26:40.8644685+07:00 [DBG] (Hangfire.Processing.BackgroundExecution) Execution loop ServerWatchdog:71bd015f has started in 5.46 ms
2021-01-27T16:26:40.8690423+07:00 [DBG] (Hangfire.Processing.BackgroundExecution) Execution loop ServerJobCancellationWatcher:7c74dd27 has started in 9.3656 ms
2021-01-27T16:26:40.8754822+07:00 [DBG] (Hangfire.Processing.BackgroundExecution) Execution loop ExpirationManager:a5d07402 has started in 6.4161 ms
2021-01-27T16:26:40.8834222+07:00 [DBG] (Hangfire.SqlServer.ExpirationManager) Removing outdated records from the 'AggregatedCounter' table...
2021-01-27T16:26:40.8834709+07:00 [DBG] (Hangfire.Processing.BackgroundExecution) Execution loop CountersAggregator:85bb3364 has started in 13.3958 ms
2021-01-27T16:26:40.8870184+07:00 [DBG] (Hangfire.SqlServer.CountersAggregator) Aggregating records in 'Counter' table...
2021-01-27T16:26:40.9145388+07:00 [DBG] (Hangfire.Processing.BackgroundExecution) Execution loop Worker:1d9ff8cc has started in 38.9824 ms
2021-01-27T16:26:40.9159519+07:00 [DBG] (Hangfire.Processing.BackgroundExecution) Execution loop Worker:42ca5617 has started in 40.3812 ms
2021-01-27T16:26:40.9194513+07:00 [DBG] (Hangfire.Processing.BackgroundExecution) Execution loop Worker:d14a2920 has started in 43.8411 ms
2021-01-27T16:26:40.9257477+07:00 [DBG] (Hangfire.Processing.BackgroundExecution) Execution loop Worker:49b629a7 has started in 50.2277 ms
2021-01-27T16:26:40.9291245+07:00 [DBG] (Hangfire.Processing.BackgroundExecution) Execution loop Worker:9467e687 has started in 53.5916 ms
2021-01-27T16:26:40.9356639+07:00 [DBG] (Hangfire.Processing.BackgroundExecution) Execution loop Worker:87a22776 has started in 60.1321 ms
2021-01-27T16:26:40.9387932+07:00 [DBG] (Hangfire.Processing.BackgroundExecution) Execution loop Worker:9968cc3b has started in 63.14 ms
2021-01-27T16:26:40.9439777+07:00 [DBG] (Hangfire.Processing.BackgroundExecution) Execution loop Worker:3a75e910 has started in 68.3729 ms
2021-01-27T16:26:40.9511407+07:00 [DBG] (Hangfire.Processing.BackgroundExecution) Execution loop Worker:53985c0b has started in 75.5251 ms
2021-01-27T16:26:40.9563865+07:00 [DBG] (Hangfire.Processing.BackgroundExecution) Execution loop Worker:0aa1651a has started in 80.8538 ms
2021-01-27T16:26:40.9621403+07:00 [DBG] (Hangfire.Processing.BackgroundExecution) Execution loop Worker:0218947b has started in 86.5212 ms
2021-01-27T16:26:40.9683726+07:00 [DBG] (Hangfire.Processing.BackgroundExecution) Execution loop Worker:cab96e32 has started in 92.8391 ms
2021-01-27T16:26:40.9721230+07:00 [DBG] (Hangfire.Processing.BackgroundExecution) Execution loop Worker:28148c7a has started in 96.514 ms
2021-01-27T16:26:40.9797080+07:00 [DBG] (Hangfire.Processing.BackgroundExecution) Execution loop Worker:59695930 has started in 101.9703 ms
2021-01-27T16:26:40.9833284+07:00 [DBG] (Hangfire.Processing.BackgroundExecution) Execution loop Worker:96b87882 has started in 107.6392 ms
2021-01-27T16:26:40.9914214+07:00 [DBG] (Hangfire.Processing.BackgroundExecution) Execution loop Worker:4a5d25c0 has started in 115.8764 ms
2021-01-27T16:26:41.0036790+07:00 [DBG] (Hangfire.Processing.BackgroundExecution) Execution loop Worker:31940661 has started in 127.9957 ms
2021-01-27T16:26:41.0105457+07:00 [DBG] (Hangfire.Processing.BackgroundExecution) Execution loop Worker:b041a7b5 has started in 134.9148 ms
2021-01-27T16:26:41.0149910+07:00 [DBG] (Hangfire.Processing.BackgroundExecution) Execution loop Worker:ef060dc2 has started in 139.4529 ms
2021-01-27T16:26:41.0189855+07:00 [DBG] (Hangfire.Processing.BackgroundExecution) Execution loop Worker:812bab05 has started in 143.4374 ms
2021-01-27T16:26:41.0267926+07:00 [INF] (Hangfire.Server.BackgroundServerProcess) Server desktop-kvt18u7:7528:ca5bec27 all the dispatchers started
2021-01-27T16:26:41.0270094+07:00 [DBG] (Hangfire.Processing.BackgroundExecution) Execution loop DelayedJobScheduler:4c0d3a91 has started in 13.0122 ms
2021-01-27T16:26:41.0323035+07:00 [DBG] (Hangfire.Processing.BackgroundExecution) Execution loop RecurringJobScheduler:c6843c73 has started in 12.7982 ms
2021-01-27T16:26:41.1262872+07:00 [DBG] (Hangfire.SqlServer.ExpirationManager) Removing outdated records from the 'Job' table...
2021-01-27T16:26:41.2448725+07:00 [DBG] (Hangfire.SqlServer.ExpirationManager) Removing outdated records from the 'List' table...
2021-01-27T16:26:41.5109937+07:00 [DBG] (Hangfire.SqlServer.ExpirationManager) Removing outdated records from the 'Set' table...
2021-01-27T16:26:41.5891733+07:00 [DBG] (Hangfire.SqlServer.ExpirationManager) Removing outdated records from the 'Hash' table...
2021-01-27T16:26:44.4175529+07:00 [INF] (Microsoft.Hosting.Lifetime) Application started. Press Ctrl+C to shut down.
2021-01-27T16:26:44.4177701+07:00 [INF] (Microsoft.Hosting.Lifetime) Hosting environment: "Development"
2021-01-27T16:26:44.4178272+07:00 [INF] (Microsoft.Hosting.Lifetime) Content root path: "D:\Source\B\sln\ASPNetCore3"
2021-01-27T16:27:10.9209018+07:00 [DBG] (Hangfire.Server.ServerHeartbeatProcess) Server desktop-kvt18u7:7528:ca5bec27 heartbeat successfully sent
2021-01-27T16:28:41.6149353+07:00 [INF] (Hangfire.SqlServer.SqlServerObjectsInstaller) Start installing Hangfire SQL objects...
2021-01-27T16:28:42.1672146+07:00 [INF] (Hangfire.SqlServer.SqlServerObjectsInstaller) Hangfire SQL objects installed.
2021-01-27T16:28:42.2533192+07:00 [INF] (Hangfire.BackgroundJobServer) Starting Hangfire Server using job storage: 'SQL Server: 103.27.236.245@nvthinh'
2021-01-27T16:28:42.2536459+07:00 [INF] (Hangfire.BackgroundJobServer) Using the following options for SQL Server job storage: Queue poll interval: 00:00:00.
2021-01-27T16:28:42.2539456+07:00 [INF] (Hangfire.BackgroundJobServer) Using the following options for Hangfire Server:
    Worker count: 20
    Listening queues: 'default'
    Shutdown timeout: 00:00:15
    Schedule polling interval: 00:00:15
2021-01-27T16:28:42.2863174+07:00 [DBG] (Hangfire.Processing.BackgroundExecution) Execution loop BackgroundServerProcess:49ce134e has started in 22.9721 ms
2021-01-27T16:28:42.7469561+07:00 [INF] (Hangfire.Server.BackgroundServerProcess) Server desktop-kvt18u7:3124:a38e9712 successfully announced in 445.351 ms
2021-01-27T16:28:42.7580491+07:00 [DBG] (Hangfire.Processing.BackgroundExecution) Execution loop ServerHeartbeatProcess:97861921 has started in 9.4589 ms
2021-01-27T16:28:42.7585272+07:00 [INF] (Hangfire.Server.BackgroundServerProcess) Server desktop-kvt18u7:3124:a38e9712 is starting the registered dispatchers: ServerWatchdog, ServerJobCancellationWatcher, ExpirationManager, CountersAggregator, Worker, DelayedJobScheduler, RecurringJobScheduler...
2021-01-27T16:28:42.7642021+07:00 [DBG] (Hangfire.Processing.BackgroundExecution) Execution loop ServerWatchdog:a36af194 has started in 5.4405 ms
2021-01-27T16:28:42.7691729+07:00 [DBG] (Hangfire.Processing.BackgroundExecution) Execution loop ServerJobCancellationWatcher:c4d946a6 has started in 9.9652 ms
2021-01-27T16:28:42.7759330+07:00 [DBG] (Hangfire.Processing.BackgroundExecution) Execution loop ExpirationManager:1efe6b37 has started in 10.0814 ms
2021-01-27T16:28:42.7843812+07:00 [DBG] (Hangfire.Processing.BackgroundExecution) Execution loop CountersAggregator:c99fc499 has started in 14.4471 ms
2021-01-27T16:28:42.7907196+07:00 [DBG] (Hangfire.SqlServer.ExpirationManager) Removing outdated records from the 'AggregatedCounter' table...
2021-01-27T16:28:42.7915659+07:00 [DBG] (Hangfire.Processing.BackgroundExecution) Execution loop Worker:780e0f6a has started in 15.697 ms
2021-01-27T16:28:42.8250098+07:00 [DBG] (Hangfire.Processing.BackgroundExecution) Execution loop Worker:6312a44d has started in 49.1303 ms
2021-01-27T16:28:42.8253632+07:00 [DBG] (Hangfire.Processing.BackgroundExecution) Execution loop Worker:6b349462 has started in 49.5202 ms
2021-01-27T16:28:42.8274211+07:00 [DBG] (Hangfire.SqlServer.CountersAggregator) Aggregating records in 'Counter' table...
2021-01-27T16:28:42.8338937+07:00 [DBG] (Hangfire.Processing.BackgroundExecution) Execution loop Worker:d4feb34c has started in 58.0232 ms
2021-01-27T16:28:42.8375641+07:00 [DBG] (Hangfire.Processing.BackgroundExecution) Execution loop Worker:67049849 has started in 61.5905 ms
2021-01-27T16:28:42.8444204+07:00 [DBG] (Hangfire.Processing.BackgroundExecution) Execution loop Worker:c65613aa has started in 68.5389 ms
2021-01-27T16:28:42.8481403+07:00 [DBG] (Hangfire.Processing.BackgroundExecution) Execution loop Worker:5b07b160 has started in 72.2008 ms
2021-01-27T16:28:42.8552143+07:00 [DBG] (Hangfire.Processing.BackgroundExecution) Execution loop Worker:4108d2e0 has started in 79.3365 ms
2021-01-27T16:28:42.8611246+07:00 [DBG] (Hangfire.Processing.BackgroundExecution) Execution loop Worker:743ec4f2 has started in 85.0931 ms
2021-01-27T16:28:42.8667688+07:00 [DBG] (Hangfire.Processing.BackgroundExecution) Execution loop Worker:ae7b01be has started in 90.8378 ms
2021-01-27T16:28:42.8740643+07:00 [DBG] (Hangfire.Processing.BackgroundExecution) Execution loop Worker:8a387314 has started in 98.1886 ms
2021-01-27T16:28:42.8780216+07:00 [DBG] (Hangfire.Processing.BackgroundExecution) Execution loop Worker:7ace87f4 has started in 102.0749 ms
2021-01-27T16:28:42.8848915+07:00 [DBG] (Hangfire.Processing.BackgroundExecution) Execution loop Worker:994aa4da has started in 108.9344 ms
2021-01-27T16:28:42.8919360+07:00 [DBG] (Hangfire.Processing.BackgroundExecution) Execution loop Worker:23b53319 has started in 115.9168 ms
2021-01-27T16:28:42.8975938+07:00 [DBG] (Hangfire.Processing.BackgroundExecution) Execution loop Worker:a87323c2 has started in 121.7204 ms
2021-01-27T16:28:42.9037441+07:00 [DBG] (Hangfire.Processing.BackgroundExecution) Execution loop Worker:27374572 has started in 127.7772 ms
2021-01-27T16:28:42.9109091+07:00 [DBG] (Hangfire.Processing.BackgroundExecution) Execution loop Worker:0886292f has started in 134.9567 ms
2021-01-27T16:28:42.9157674+07:00 [DBG] (Hangfire.Processing.BackgroundExecution) Execution loop Worker:fc291a67 has started in 139.7962 ms
2021-01-27T16:28:42.9205717+07:00 [DBG] (Hangfire.Processing.BackgroundExecution) Execution loop Worker:88177fb6 has started in 144.6275 ms
2021-01-27T16:28:42.9263393+07:00 [DBG] (Hangfire.Processing.BackgroundExecution) Execution loop Worker:e2171efd has started in 150.4825 ms
2021-01-27T16:28:42.9317701+07:00 [INF] (Hangfire.Server.BackgroundServerProcess) Server desktop-kvt18u7:3124:a38e9712 all the dispatchers started
2021-01-27T16:28:42.9320106+07:00 [DBG] (Hangfire.Processing.BackgroundExecution) Execution loop DelayedJobScheduler:702003b3 has started in 11.5519 ms
2021-01-27T16:28:42.9375650+07:00 [DBG] (Hangfire.Processing.BackgroundExecution) Execution loop RecurringJobScheduler:907aec64 has started in 11.4218 ms
2021-01-27T16:28:43.0493522+07:00 [DBG] (Hangfire.SqlServer.ExpirationManager) Removing outdated records from the 'Job' table...
2021-01-27T16:28:43.2695394+07:00 [DBG] (Hangfire.SqlServer.ExpirationManager) Removing outdated records from the 'List' table...
2021-01-27T16:28:43.4190158+07:00 [DBG] (Hangfire.SqlServer.ExpirationManager) Removing outdated records from the 'Set' table...
2021-01-27T16:28:43.4932740+07:00 [DBG] (Hangfire.SqlServer.ExpirationManager) Removing outdated records from the 'Hash' table...
2021-01-27T16:28:46.9153517+07:00 [INF] (Microsoft.Hosting.Lifetime) Application started. Press Ctrl+C to shut down.
2021-01-27T16:28:46.9155212+07:00 [INF] (Microsoft.Hosting.Lifetime) Hosting environment: "Development"
2021-01-27T16:28:46.9155633+07:00 [INF] (Microsoft.Hosting.Lifetime) Content root path: "D:\Source\B\sln\ASPNetCore3"
2021-01-27T16:29:45.7057115+07:00 [INF] (Hangfire.SqlServer.SqlServerObjectsInstaller) Start installing Hangfire SQL objects...
2021-01-27T16:29:46.2408065+07:00 [INF] (Hangfire.SqlServer.SqlServerObjectsInstaller) Hangfire SQL objects installed.
2021-01-27T16:29:46.3319270+07:00 [INF] (Hangfire.BackgroundJobServer) Starting Hangfire Server using job storage: 'SQL Server: 103.27.236.245@nvthinh'
2021-01-27T16:29:46.3322915+07:00 [INF] (Hangfire.BackgroundJobServer) Using the following options for SQL Server job storage: Queue poll interval: 00:00:00.
2021-01-27T16:29:46.3327123+07:00 [INF] (Hangfire.BackgroundJobServer) Using the following options for Hangfire Server:
    Worker count: 20
    Listening queues: 'default'
    Shutdown timeout: 00:00:15
    Schedule polling interval: 00:00:15
2021-01-27T16:29:46.3669440+07:00 [DBG] (Hangfire.Processing.BackgroundExecution) Execution loop BackgroundServerProcess:a90fb4b7 has started in 25.2442 ms
2021-01-27T16:29:46.8071793+07:00 [INF] (Hangfire.Server.BackgroundServerProcess) Server desktop-kvt18u7:17860:0e712b62 successfully announced in 427.6346 ms
2021-01-27T16:29:46.8165240+07:00 [DBG] (Hangfire.Processing.BackgroundExecution) Execution loop ServerHeartbeatProcess:58a860c1 has started in 8.0877 ms
2021-01-27T16:29:46.8168289+07:00 [INF] (Hangfire.Server.BackgroundServerProcess) Server desktop-kvt18u7:17860:0e712b62 is starting the registered dispatchers: ServerWatchdog, ServerJobCancellationWatcher, ExpirationManager, CountersAggregator, Worker, DelayedJobScheduler, RecurringJobScheduler...
2021-01-27T16:29:46.8480312+07:00 [DBG] (Hangfire.Processing.BackgroundExecution) Execution loop ServerWatchdog:56d19635 has started in 31.0063 ms
2021-01-27T16:29:46.8513821+07:00 [DBG] (Hangfire.Processing.BackgroundExecution) Execution loop ServerJobCancellationWatcher:21c2e23b has started in 31.2902 ms
2021-01-27T16:29:46.8660976+07:00 [DBG] (Hangfire.Processing.BackgroundExecution) Execution loop ExpirationManager:8a0a17f3 has started in 14.6405 ms
2021-01-27T16:29:46.8717475+07:00 [DBG] (Hangfire.Processing.BackgroundExecution) Execution loop CountersAggregator:39300695 has started in 12.8011 ms
2021-01-27T16:29:46.8730969+07:00 [DBG] (Hangfire.SqlServer.CountersAggregator) Aggregating records in 'Counter' table...
2021-01-27T16:29:46.8784816+07:00 [DBG] (Hangfire.SqlServer.ExpirationManager) Removing outdated records from the 'AggregatedCounter' table...
2021-01-27T16:29:46.8803559+07:00 [DBG] (Hangfire.Processing.BackgroundExecution) Execution loop Worker:a47881e9 has started in 14.3949 ms
2021-01-27T16:29:46.8840107+07:00 [DBG] (Hangfire.Processing.BackgroundExecution) Execution loop Worker:4ddde3bf has started in 17.971 ms
2021-01-27T16:29:46.9121202+07:00 [DBG] (Hangfire.Processing.BackgroundExecution) Execution loop Worker:acfdfb5c has started in 46.1521 ms
2021-01-27T16:29:46.9123448+07:00 [DBG] (Hangfire.Processing.BackgroundExecution) Execution loop Worker:ef4c4239 has started in 46.4106 ms
2021-01-27T16:29:46.9199091+07:00 [DBG] (Hangfire.Processing.BackgroundExecution) Execution loop Worker:c9113728 has started in 53.9551 ms
2021-01-27T16:29:46.9239440+07:00 [DBG] (Hangfire.Processing.BackgroundExecution) Execution loop Worker:794331c5 has started in 57.9676 ms
2021-01-27T16:29:46.9314147+07:00 [DBG] (Hangfire.Processing.BackgroundExecution) Execution loop Worker:5279f76a has started in 65.3752 ms
2021-01-27T16:29:46.9366091+07:00 [DBG] (Hangfire.Processing.BackgroundExecution) Execution loop Worker:fd5f9fe0 has started in 70.5744 ms
2021-01-27T16:29:46.9436135+07:00 [DBG] (Hangfire.Processing.BackgroundExecution) Execution loop Worker:cac5c0e5 has started in 77.639 ms
2021-01-27T16:29:46.9486286+07:00 [DBG] (Hangfire.Processing.BackgroundExecution) Execution loop Worker:cc5ecb5f has started in 82.2016 ms
2021-01-27T16:29:46.9571656+07:00 [DBG] (Hangfire.Processing.BackgroundExecution) Execution loop Worker:eaf77878 has started in 91.0468 ms
2021-01-27T16:29:46.9687491+07:00 [DBG] (Hangfire.Processing.BackgroundExecution) Execution loop Worker:aa438f51 has started in 102.6432 ms
2021-01-27T16:29:46.9760241+07:00 [DBG] (Hangfire.Processing.BackgroundExecution) Execution loop Worker:4f342e04 has started in 110.0512 ms
2021-01-27T16:29:46.9810698+07:00 [DBG] (Hangfire.Processing.BackgroundExecution) Execution loop Worker:64bcf00a has started in 114.6329 ms
2021-01-27T16:29:46.9859788+07:00 [DBG] (Hangfire.Processing.BackgroundExecution) Execution loop Worker:27e3bf8f has started in 119.7896 ms
2021-01-27T16:29:46.9943747+07:00 [DBG] (Hangfire.Processing.BackgroundExecution) Execution loop Worker:ef960829 has started in 128.3837 ms
2021-01-27T16:29:46.9997346+07:00 [DBG] (Hangfire.Processing.BackgroundExecution) Execution loop Worker:ac65c336 has started in 133.1694 ms
2021-01-27T16:29:47.0108147+07:00 [DBG] (Hangfire.Processing.BackgroundExecution) Execution loop Worker:4a2ff4ec has started in 144.8821 ms
2021-01-27T16:29:47.0108147+07:00 [DBG] (Hangfire.Processing.BackgroundExecution) Execution loop Worker:4671342d has started in 144.8638 ms
2021-01-27T16:29:47.0148705+07:00 [DBG] (Hangfire.Processing.BackgroundExecution) Execution loop Worker:9521c0e6 has started in 148.9017 ms
2021-01-27T16:29:47.0233182+07:00 [INF] (Hangfire.Server.BackgroundServerProcess) Server desktop-kvt18u7:17860:0e712b62 all the dispatchers started
2021-01-27T16:29:47.0234918+07:00 [DBG] (Hangfire.Processing.BackgroundExecution) Execution loop DelayedJobScheduler:775d0717 has started in 14.1639 ms
2021-01-27T16:29:47.0299468+07:00 [DBG] (Hangfire.Processing.BackgroundExecution) Execution loop RecurringJobScheduler:79d627ae has started in 14.5519 ms
2021-01-27T16:29:47.1267210+07:00 [DBG] (Hangfire.SqlServer.ExpirationManager) Removing outdated records from the 'Job' table...
2021-01-27T16:29:47.2609110+07:00 [DBG] (Hangfire.SqlServer.ExpirationManager) Removing outdated records from the 'List' table...
2021-01-27T16:29:47.5041132+07:00 [DBG] (Hangfire.SqlServer.ExpirationManager) Removing outdated records from the 'Set' table...
2021-01-27T16:29:47.5867206+07:00 [DBG] (Hangfire.SqlServer.ExpirationManager) Removing outdated records from the 'Hash' table...
2021-01-27T16:29:50.7620348+07:00 [INF] (Microsoft.Hosting.Lifetime) Application started. Press Ctrl+C to shut down.
2021-01-27T16:29:50.7622004+07:00 [INF] (Microsoft.Hosting.Lifetime) Hosting environment: "Development"
2021-01-27T16:29:50.7622404+07:00 [INF] (Microsoft.Hosting.Lifetime) Content root path: "D:\Source\B\sln\ASPNetCore3"
2021-01-27T16:30:41.1701651+07:00 [INF] (Hangfire.SqlServer.SqlServerObjectsInstaller) Start installing Hangfire SQL objects...
2021-01-27T16:30:41.6129096+07:00 [INF] (Hangfire.SqlServer.SqlServerObjectsInstaller) Hangfire SQL objects installed.
2021-01-27T16:30:41.6728117+07:00 [INF] (Hangfire.BackgroundJobServer) Starting Hangfire Server using job storage: 'SQL Server: 103.27.236.245@nvthinh'
2021-01-27T16:30:41.6730278+07:00 [INF] (Hangfire.BackgroundJobServer) Using the following options for SQL Server job storage: Queue poll interval: 00:00:00.
2021-01-27T16:30:41.6732340+07:00 [INF] (Hangfire.BackgroundJobServer) Using the following options for Hangfire Server:
    Worker count: 20
    Listening queues: 'default'
    Shutdown timeout: 00:00:15
    Schedule polling interval: 00:00:15
2021-01-27T16:30:41.7200543+07:00 [DBG] (Hangfire.Processing.BackgroundExecution) Execution loop BackgroundServerProcess:1f8b1e06 has started in 38.5383 ms
2021-01-27T16:30:42.0443171+07:00 [INF] (Hangfire.Server.BackgroundServerProcess) Server desktop-kvt18u7:20272:8f148e50 successfully announced in 312.9671 ms
2021-01-27T16:30:42.0532445+07:00 [DBG] (Hangfire.Processing.BackgroundExecution) Execution loop ServerHeartbeatProcess:25a91b45 has started in 7.9902 ms
2021-01-27T16:30:42.0539179+07:00 [INF] (Hangfire.Server.BackgroundServerProcess) Server desktop-kvt18u7:20272:8f148e50 is starting the registered dispatchers: ServerWatchdog, ServerJobCancellationWatcher, ExpirationManager, CountersAggregator, Worker, DelayedJobScheduler, RecurringJobScheduler...
2021-01-27T16:30:42.0614957+07:00 [DBG] (Hangfire.Processing.BackgroundExecution) Execution loop ServerWatchdog:bbfb19fa has started in 7.3584 ms
2021-01-27T16:30:42.0614957+07:00 [DBG] (Hangfire.Processing.BackgroundExecution) Execution loop ServerJobCancellationWatcher:11523751 has started in 6.4662 ms
2021-01-27T16:30:42.0679051+07:00 [DBG] (Hangfire.Processing.BackgroundExecution) Execution loop CountersAggregator:64e41776 has started in 5.822 ms
2021-01-27T16:30:42.0680471+07:00 [DBG] (Hangfire.Processing.BackgroundExecution) Execution loop ExpirationManager:ad354751 has started in 6.5963 ms
2021-01-27T16:30:42.0765068+07:00 [DBG] (Hangfire.SqlServer.CountersAggregator) Aggregating records in 'Counter' table...
2021-01-27T16:30:42.0792728+07:00 [DBG] (Hangfire.SqlServer.ExpirationManager) Removing outdated records from the 'AggregatedCounter' table...
2021-01-27T16:30:42.0824676+07:00 [DBG] (Hangfire.Processing.BackgroundExecution) Execution loop Worker:f08a4fb6 has started in 19.8335 ms
2021-01-27T16:30:42.0881529+07:00 [DBG] (Hangfire.Processing.BackgroundExecution) Execution loop Worker:fe5d9ff6 has started in 25.5202 ms
2021-01-27T16:30:42.1230071+07:00 [DBG] (Hangfire.Processing.BackgroundExecution) Execution loop Worker:d386d17b has started in 60.3205 ms
2021-01-27T16:30:42.1234187+07:00 [DBG] (Hangfire.Processing.BackgroundExecution) Execution loop Worker:263ee302 has started in 60.753 ms
2021-01-27T16:30:42.1433005+07:00 [DBG] (Hangfire.Processing.BackgroundExecution) Execution loop Worker:77148f74 has started in 79.958 ms
2021-01-27T16:30:42.1518057+07:00 [DBG] (Hangfire.Processing.BackgroundExecution) Execution loop Worker:2adf1a2f has started in 89.112 ms
2021-01-27T16:30:42.1561220+07:00 [DBG] (Hangfire.Processing.BackgroundExecution) Execution loop Worker:4db3e349 has started in 93.3435 ms
2021-01-27T16:30:42.1635912+07:00 [DBG] (Hangfire.Processing.BackgroundExecution) Execution loop Worker:77237baa has started in 100.926 ms
2021-01-27T16:30:42.1676913+07:00 [DBG] (Hangfire.Processing.BackgroundExecution) Execution loop Worker:522e53b1 has started in 105.0437 ms
2021-01-27T16:30:42.1705579+07:00 [DBG] (Hangfire.Processing.BackgroundExecution) Execution loop Worker:904b6f03 has started in 107.9364 ms
2021-01-27T16:30:42.1747926+07:00 [DBG] (Hangfire.Processing.BackgroundExecution) Execution loop Worker:ba4e00da has started in 112.164 ms
2021-01-27T16:30:42.1827395+07:00 [DBG] (Hangfire.Processing.BackgroundExecution) Execution loop Worker:4ed40cd6 has started in 119.9689 ms
2021-01-27T16:30:42.1877826+07:00 [DBG] (Hangfire.Processing.BackgroundExecution) Execution loop Worker:d2e9786c has started in 125.1304 ms
2021-01-27T16:30:42.1911401+07:00 [DBG] (Hangfire.Processing.BackgroundExecution) Execution loop Worker:4fb8cda6 has started in 128.4032 ms
2021-01-27T16:30:42.1961027+07:00 [DBG] (Hangfire.Processing.BackgroundExecution) Execution loop Worker:9e32ade4 has started in 133.3708 ms
2021-01-27T16:30:42.2010680+07:00 [DBG] (Hangfire.Processing.BackgroundExecution) Execution loop Worker:9f5a1075 has started in 138.4344 ms
2021-01-27T16:30:42.2039330+07:00 [DBG] (Hangfire.Processing.BackgroundExecution) Execution loop Worker:9889b6b9 has started in 141.2242 ms
2021-01-27T16:30:42.2100525+07:00 [DBG] (Hangfire.Processing.BackgroundExecution) Execution loop Worker:019676d3 has started in 147.4074 ms
2021-01-27T16:30:42.2135135+07:00 [DBG] (Hangfire.Processing.BackgroundExecution) Execution loop Worker:f1fa60c6 has started in 150.8383 ms
2021-01-27T16:30:42.2173356+07:00 [DBG] (Hangfire.Processing.BackgroundExecution) Execution loop Worker:52618ba7 has started in 154.6539 ms
2021-01-27T16:30:42.2215214+07:00 [INF] (Hangfire.Server.BackgroundServerProcess) Server desktop-kvt18u7:20272:8f148e50 all the dispatchers started
2021-01-27T16:30:42.2222943+07:00 [DBG] (Hangfire.Processing.BackgroundExecution) Execution loop DelayedJobScheduler:6a899a51 has started in 16.8749 ms
2021-01-27T16:30:42.2250997+07:00 [DBG] (Hangfire.Processing.BackgroundExecution) Execution loop RecurringJobScheduler:d67867ba has started in 7.8609 ms
2021-01-27T16:30:42.2431014+07:00 [INF] (Hangfire.Server.ServerWatchdog) 1 servers were removed due to timeout
2021-01-27T16:30:42.3087340+07:00 [DBG] (Hangfire.SqlServer.ExpirationManager) Removing outdated records from the 'Job' table...
2021-01-27T16:30:42.4021479+07:00 [DBG] (Hangfire.SqlServer.ExpirationManager) Removing outdated records from the 'List' table...
2021-01-27T16:30:42.5566380+07:00 [DBG] (Hangfire.SqlServer.ExpirationManager) Removing outdated records from the 'Set' table...
2021-01-27T16:30:42.6309548+07:00 [DBG] (Hangfire.SqlServer.ExpirationManager) Removing outdated records from the 'Hash' table...
2021-01-27T16:30:44.8358388+07:00 [INF] (Microsoft.Hosting.Lifetime) Application started. Press Ctrl+C to shut down.
2021-01-27T16:30:44.8360222+07:00 [INF] (Microsoft.Hosting.Lifetime) Hosting environment: "Development"
2021-01-27T16:30:44.8360730+07:00 [INF] (Microsoft.Hosting.Lifetime) Content root path: "D:\Source\B\sln\ASPNetCore3"
2021-01-27T16:31:12.5908418+07:00 [DBG] (Hangfire.Server.ServerHeartbeatProcess) Server desktop-kvt18u7:20272:8f148e50 heartbeat successfully sent
2021-01-27T16:32:40.6630563+07:00 [INF] (Hangfire.SqlServer.SqlServerObjectsInstaller) Start installing Hangfire SQL objects...
2021-01-27T16:32:41.0591996+07:00 [INF] (Hangfire.SqlServer.SqlServerObjectsInstaller) Hangfire SQL objects installed.
2021-01-27T16:32:41.1020812+07:00 [INF] (Hangfire.BackgroundJobServer) Starting Hangfire Server using job storage: 'SQL Server: 103.27.236.245@nvthinh'
2021-01-27T16:32:41.1023230+07:00 [INF] (Hangfire.BackgroundJobServer) Using the following options for SQL Server job storage: Queue poll interval: 00:00:00.
2021-01-27T16:32:41.1025476+07:00 [INF] (Hangfire.BackgroundJobServer) Using the following options for Hangfire Server:
    Worker count: 20
    Listening queues: 'default'
    Shutdown timeout: 00:00:15
    Schedule polling interval: 00:00:15
2021-01-27T16:32:41.1206726+07:00 [DBG] (Hangfire.Processing.BackgroundExecution) Execution loop BackgroundServerProcess:c7592950 has started in 12.4646 ms
2021-01-27T16:32:41.3930409+07:00 [INF] (Hangfire.Server.BackgroundServerProcess) Server desktop-kvt18u7:15048:b2f9ff6b successfully announced in 261.8268 ms
2021-01-27T16:32:41.4221713+07:00 [DBG] (Hangfire.Processing.BackgroundExecution) Execution loop ServerHeartbeatProcess:af40cdf0 has started in 4.5791 ms
2021-01-27T16:32:41.4230635+07:00 [INF] (Hangfire.Server.BackgroundServerProcess) Server desktop-kvt18u7:15048:b2f9ff6b is starting the registered dispatchers: ServerWatchdog, ServerJobCancellationWatcher, ExpirationManager, CountersAggregator, Worker, DelayedJobScheduler, RecurringJobScheduler...
2021-01-27T16:32:41.4296864+07:00 [DBG] (Hangfire.Processing.BackgroundExecution) Execution loop ServerWatchdog:4977a85a has started in 6.5094 ms
2021-01-27T16:32:41.4327186+07:00 [DBG] (Hangfire.Processing.BackgroundExecution) Execution loop ServerJobCancellationWatcher:a514d3b6 has started in 9.0545 ms
2021-01-27T16:32:41.4370199+07:00 [DBG] (Hangfire.Processing.BackgroundExecution) Execution loop ExpirationManager:a27e7036 has started in 11.8794 ms
2021-01-27T16:32:41.4391591+07:00 [DBG] (Hangfire.Processing.BackgroundExecution) Execution loop CountersAggregator:4cab12f1 has started in 5.9995 ms
2021-01-27T16:32:41.4409341+07:00 [DBG] (Hangfire.SqlServer.CountersAggregator) Aggregating records in 'Counter' table...
2021-01-27T16:32:41.4442793+07:00 [DBG] (Hangfire.SqlServer.ExpirationManager) Removing outdated records from the 'AggregatedCounter' table...
2021-01-27T16:32:41.4442985+07:00 [DBG] (Hangfire.Processing.BackgroundExecution) Execution loop Worker:6cf826e9 has started in 7.3266 ms
2021-01-27T16:32:41.4692403+07:00 [DBG] (Hangfire.Processing.BackgroundExecution) Execution loop Worker:14fc3bb6 has started in 32.231 ms
2021-01-27T16:32:41.4692695+07:00 [DBG] (Hangfire.Processing.BackgroundExecution) Execution loop Worker:e5a03f38 has started in 32.2109 ms
2021-01-27T16:32:41.4738989+07:00 [DBG] (Hangfire.Processing.BackgroundExecution) Execution loop Worker:45101728 has started in 36.9179 ms
2021-01-27T16:32:41.4763013+07:00 [DBG] (Hangfire.Processing.BackgroundExecution) Execution loop Worker:377c9f77 has started in 39.3189 ms
2021-01-27T16:32:41.4799235+07:00 [DBG] (Hangfire.Processing.BackgroundExecution) Execution loop Worker:f52509d0 has started in 42.8235 ms
2021-01-27T16:32:41.4856970+07:00 [DBG] (Hangfire.Processing.BackgroundExecution) Execution loop Worker:76144a57 has started in 48.7255 ms
2021-01-27T16:32:41.4856970+07:00 [DBG] (Hangfire.Processing.BackgroundExecution) Execution loop Worker:de4a412c has started in 48.7199 ms
2021-01-27T16:32:41.4878783+07:00 [DBG] (Hangfire.Processing.BackgroundExecution) Execution loop Worker:107b9ad2 has started in 50.7707 ms
2021-01-27T16:32:41.5158044+07:00 [INF] (Hangfire.Server.ServerWatchdog) 1 servers were removed due to timeout
2021-01-27T16:32:41.5158044+07:00 [DBG] (Hangfire.Processing.BackgroundExecution) Execution loop Worker:23213cce has started in 78.4548 ms
2021-01-27T16:32:41.5158260+07:00 [DBG] (Hangfire.Processing.BackgroundExecution) Execution loop Worker:c2475dbc has started in 78.4151 ms
2021-01-27T16:32:41.5193652+07:00 [DBG] (Hangfire.Processing.BackgroundExecution) Execution loop Worker:0ca3266e has started in 82.1556 ms
2021-01-27T16:32:41.5246574+07:00 [DBG] (Hangfire.Processing.BackgroundExecution) Execution loop Worker:61c54e8f has started in 87.5881 ms
2021-01-27T16:32:41.5302643+07:00 [DBG] (Hangfire.Processing.BackgroundExecution) Execution loop Worker:ee1ac693 has started in 93.2709 ms
2021-01-27T16:32:41.5349123+07:00 [DBG] (Hangfire.Processing.BackgroundExecution) Execution loop Worker:eff29d42 has started in 97.9179 ms
2021-01-27T16:32:41.5395415+07:00 [DBG] (Hangfire.Processing.BackgroundExecution) Execution loop Worker:4d2a7f4d has started in 102.5558 ms
2021-01-27T16:32:41.5438938+07:00 [DBG] (Hangfire.Processing.BackgroundExecution) Execution loop Worker:9b4d768e has started in 106.8963 ms
2021-01-27T16:32:41.5459430+07:00 [DBG] (Hangfire.Processing.BackgroundExecution) Execution loop Worker:3c162058 has started in 108.9327 ms
2021-01-27T16:32:41.5490447+07:00 [DBG] (Hangfire.Processing.BackgroundExecution) Execution loop Worker:be8ef1c7 has started in 111.993 ms
2021-01-27T16:32:41.5525006+07:00 [DBG] (Hangfire.Processing.BackgroundExecution) Execution loop Worker:9547bbce has started in 115.4245 ms
2021-01-27T16:32:41.5583976+07:00 [INF] (Hangfire.Server.BackgroundServerProcess) Server desktop-kvt18u7:15048:b2f9ff6b all the dispatchers started
2021-01-27T16:32:41.5584968+07:00 [DBG] (Hangfire.Processing.BackgroundExecution) Execution loop DelayedJobScheduler:58892448 has started in 9.4916 ms
2021-01-27T16:32:41.5631616+07:00 [DBG] (Hangfire.Processing.BackgroundExecution) Execution loop RecurringJobScheduler:2884db6b has started in 10.4077 ms
2021-01-27T16:32:41.6504669+07:00 [DBG] (Hangfire.SqlServer.ExpirationManager) Removing outdated records from the 'Job' table...
2021-01-27T16:32:41.8908883+07:00 [DBG] (Hangfire.SqlServer.ExpirationManager) Removing outdated records from the 'List' table...
2021-01-27T16:32:41.9627793+07:00 [DBG] (Hangfire.SqlServer.ExpirationManager) Removing outdated records from the 'Set' table...
2021-01-27T16:32:42.0351166+07:00 [DBG] (Hangfire.SqlServer.ExpirationManager) Removing outdated records from the 'Hash' table...
2021-01-27T16:32:43.7178327+07:00 [INF] (Microsoft.Hosting.Lifetime) Application started. Press Ctrl+C to shut down.
2021-01-27T16:32:43.7179754+07:00 [INF] (Microsoft.Hosting.Lifetime) Hosting environment: "Development"
2021-01-27T16:32:43.7180161+07:00 [INF] (Microsoft.Hosting.Lifetime) Content root path: "D:\Source\B\sln\ASPNetCore3"
2021-01-27T16:33:14.4701310+07:00 [DBG] (Hangfire.Server.ServerHeartbeatProcess) Server desktop-kvt18u7:15048:b2f9ff6b heartbeat successfully sent
