2021-01-24T23:13:57.3277217+07:00 [INF] (Hangfire.SqlServer.SqlServerObjectsInstaller) Start installing Hangfire SQL objects...
2021-01-24T23:13:57.9596684+07:00 [INF] (Hangfire.SqlServer.SqlServerObjectsInstaller) Hangfire SQL objects installed.
2021-01-24T23:13:58.0828357+07:00 [INF] (Hangfire.BackgroundJobServer) Starting Hangfire Server using job storage: 'SQL Server: 103.27.236.245@nvthinh'
2021-01-24T23:13:58.0830349+07:00 [INF] (Hangfire.BackgroundJobServer) Using the following options for SQL Server job storage: Queue poll interval: 00:00:00.
2021-01-24T23:13:58.0832243+07:00 [INF] (Hangfire.BackgroundJobServer) Using the following options for Hangfire Server:
    Worker count: 20
    Listening queues: 'default'
    Shutdown timeout: 00:00:15
    Schedule polling interval: 00:00:15
2021-01-24T23:13:58.1463631+07:00 [DBG] (Hangfire.Processing.BackgroundExecution) Execution loop BackgroundServerProcess:2beeba48 has started in 16.7282 ms
2021-01-24T23:13:58.5283796+07:00 [INF] (Hangfire.Server.BackgroundServerProcess) Server desktop-tngntrf:22084:f3159543 successfully announced in 315.7754 ms
2021-01-24T23:13:58.5329378+07:00 [INF] (Hangfire.Server.BackgroundServerProcess) Server desktop-tngntrf:22084:f3159543 is starting the registered dispatchers: ServerWatchdog, ServerJobCancellationWatcher, ExpirationManager, CountersAggregator, Worker, DelayedJobScheduler, RecurringJobScheduler...
2021-01-24T23:13:58.5419401+07:00 [DBG] (Hangfire.Processing.BackgroundExecution) Execution loop ServerHeartbeatProcess:512e7c60 has started in 12.7888 ms
2021-01-24T23:13:58.5574398+07:00 [DBG] (Hangfire.Processing.BackgroundExecution) Execution loop ServerWatchdog:0e0b50cc has started in 18.3041 ms
2021-01-24T23:13:58.5685660+07:00 [DBG] (Hangfire.Processing.BackgroundExecution) Execution loop ServerJobCancellationWatcher:3ff8cc18 has started in 23.9598 ms
2021-01-24T23:13:58.5759366+07:00 [DBG] (Hangfire.Processing.BackgroundExecution) Execution loop ExpirationManager:0564f105 has started in 19.4296 ms
2021-01-24T23:13:58.5843487+07:00 [DBG] (Hangfire.Processing.BackgroundExecution) Execution loop CountersAggregator:00cf421b has started in 17.6555 ms
2021-01-24T23:13:58.5859558+07:00 [DBG] (Hangfire.SqlServer.ExpirationManager) Removing outdated records from the 'AggregatedCounter' table...
2021-01-24T23:13:58.5861262+07:00 [DBG] (Hangfire.SqlServer.CountersAggregator) Aggregating records in 'Counter' table...
2021-01-24T23:13:58.6371776+07:00 [DBG] (Hangfire.Processing.BackgroundExecution) Execution loop Worker:a556fa45 has started in 61.031 ms
2021-01-24T23:13:58.6379002+07:00 [DBG] (Hangfire.Processing.BackgroundExecution) Execution loop Worker:9fa3020c has started in 61.6066 ms
2021-01-24T23:13:58.6469341+07:00 [DBG] (Hangfire.Processing.BackgroundExecution) Execution loop Worker:26eb5397 has started in 70.0596 ms
2021-01-24T23:13:58.6522460+07:00 [DBG] (Hangfire.Processing.BackgroundExecution) Execution loop Worker:b89c8dc4 has started in 76.0378 ms
2021-01-24T23:13:58.6626178+07:00 [DBG] (Hangfire.Processing.BackgroundExecution) Execution loop Worker:5dcfe7dc has started in 86.4377 ms
2021-01-24T23:13:58.6698029+07:00 [DBG] (Hangfire.Processing.BackgroundExecution) Execution loop Worker:0fbc36fd has started in 93.6487 ms
2021-01-24T23:13:58.6802912+07:00 [DBG] (Hangfire.Processing.BackgroundExecution) Execution loop Worker:8f70a400 has started in 103.2939 ms
2021-01-24T23:13:58.6862857+07:00 [DBG] (Hangfire.Processing.BackgroundExecution) Execution loop Worker:b4a02d3a has started in 110.1274 ms
2021-01-24T23:13:58.6972499+07:00 [DBG] (Hangfire.Processing.BackgroundExecution) Execution loop Worker:754c254e has started in 120.8268 ms
2021-01-24T23:13:58.7021178+07:00 [DBG] (Hangfire.Processing.BackgroundExecution) Execution loop Worker:2b9e2dad has started in 125.9123 ms
2021-01-24T23:13:58.7097475+07:00 [DBG] (Hangfire.Processing.BackgroundExecution) Execution loop Worker:55bf05df has started in 133.5318 ms
2021-01-24T23:13:58.7159677+07:00 [DBG] (Hangfire.Processing.BackgroundExecution) Execution loop Worker:0aed8296 has started in 139.7602 ms
2021-01-24T23:13:58.7233765+07:00 [DBG] (Hangfire.Processing.BackgroundExecution) Execution loop Worker:8b5104b0 has started in 147.1985 ms
2021-01-24T23:13:58.7323414+07:00 [DBG] (Hangfire.Processing.BackgroundExecution) Execution loop Worker:aff42ad8 has started in 156.1508 ms
2021-01-24T23:13:58.7528477+07:00 [DBG] (Hangfire.Processing.BackgroundExecution) Execution loop Worker:9307ccf1 has started in 176.6079 ms
2021-01-24T23:13:58.7529934+07:00 [DBG] (Hangfire.Processing.BackgroundExecution) Execution loop Worker:6164cd2b has started in 176.6051 ms
2021-01-24T23:13:58.7602659+07:00 [DBG] (Hangfire.Processing.BackgroundExecution) Execution loop Worker:6cbb11e8 has started in 184.0409 ms
2021-01-24T23:13:58.7681921+07:00 [DBG] (Hangfire.Processing.BackgroundExecution) Execution loop Worker:406f3bf1 has started in 190.9773 ms
2021-01-24T23:13:58.7752507+07:00 [DBG] (Hangfire.Processing.BackgroundExecution) Execution loop Worker:b53d752f has started in 199.0725 ms
2021-01-24T23:13:58.7811444+07:00 [DBG] (Hangfire.Processing.BackgroundExecution) Execution loop Worker:a484ee7e has started in 204.9608 ms
2021-01-24T23:13:58.7914971+07:00 [INF] (Hangfire.Server.BackgroundServerProcess) Server desktop-tngntrf:22084:f3159543 all the dispatchers started
2021-01-24T23:13:58.7925356+07:00 [DBG] (Hangfire.Processing.BackgroundExecution) Execution loop DelayedJobScheduler:43b3f15c has started in 16.4501 ms
2021-01-24T23:13:58.7990459+07:00 [DBG] (Hangfire.Processing.BackgroundExecution) Execution loop RecurringJobScheduler:5fc29f4e has started in 15.9739 ms
2021-01-24T23:13:58.9194330+07:00 [DBG] (Hangfire.SqlServer.ExpirationManager) Removing outdated records from the 'Job' table...
2021-01-24T23:13:59.2237378+07:00 [DBG] (Hangfire.SqlServer.ExpirationManager) Removing outdated records from the 'List' table...
2021-01-24T23:13:59.4034275+07:00 [DBG] (Hangfire.SqlServer.ExpirationManager) Removing outdated records from the 'Set' table...
2021-01-24T23:13:59.5398931+07:00 [DBG] (Hangfire.SqlServer.ExpirationManager) Removing outdated records from the 'Hash' table...
2021-01-24T23:14:04.7405699+07:00 [INF] (Microsoft.Hosting.Lifetime) Application started. Press Ctrl+C to shut down.
2021-01-24T23:14:04.7409792+07:00 [INF] (Microsoft.Hosting.Lifetime) Hosting environment: "Development"
2021-01-24T23:14:04.7410388+07:00 [INF] (Microsoft.Hosting.Lifetime) Content root path: "C:\Users\nvthi\source\repos\B\sln\ASPNetCore3"
2021-01-24T23:14:31.4308172+07:00 [DBG] (Hangfire.Server.ServerHeartbeatProcess) Server desktop-tngntrf:22084:f3159543 heartbeat successfully sent
2021-01-24T23:15:02.2228177+07:00 [DBG] (Hangfire.Server.ServerHeartbeatProcess) Server desktop-tngntrf:22084:f3159543 heartbeat successfully sent
2021-01-24T23:15:33.1357475+07:00 [DBG] (Hangfire.Server.ServerHeartbeatProcess) Server desktop-tngntrf:22084:f3159543 heartbeat successfully sent
2021-01-24T23:16:03.2037750+07:00 [DBG] (Hangfire.Server.ServerHeartbeatProcess) Server desktop-tngntrf:22084:f3159543 heartbeat successfully sent
2021-01-24T23:40:31.6093094+07:00 [INF] (Hangfire.SqlServer.SqlServerObjectsInstaller) Start installing Hangfire SQL objects...
2021-01-24T23:40:32.3572191+07:00 [INF] (Hangfire.SqlServer.SqlServerObjectsInstaller) Hangfire SQL objects installed.
2021-01-24T23:40:32.4169163+07:00 [INF] (Hangfire.BackgroundJobServer) Starting Hangfire Server using job storage: 'SQL Server: 103.27.236.245@nvthinh'
2021-01-24T23:40:32.4171013+07:00 [INF] (Hangfire.BackgroundJobServer) Using the following options for SQL Server job storage: Queue poll interval: 00:00:00.
2021-01-24T23:40:32.4172595+07:00 [INF] (Hangfire.BackgroundJobServer) Using the following options for Hangfire Server:
    Worker count: 20
    Listening queues: 'default'
    Shutdown timeout: 00:00:15
    Schedule polling interval: 00:00:15
2021-01-24T23:40:32.4861146+07:00 [DBG] (Hangfire.Processing.BackgroundExecution) Execution loop BackgroundServerProcess:887f76d0 has started in 62.9409 ms
2021-01-24T23:40:32.8411378+07:00 [INF] (Hangfire.Server.BackgroundServerProcess) Server desktop-tngntrf:13860:4164613a successfully announced in 339.0047 ms
2021-01-24T23:40:32.8515348+07:00 [DBG] (Hangfire.Processing.BackgroundExecution) Execution loop ServerHeartbeatProcess:6d2bc215 has started in 9.5833 ms
2021-01-24T23:40:32.8521849+07:00 [INF] (Hangfire.Server.BackgroundServerProcess) Server desktop-tngntrf:13860:4164613a is starting the registered dispatchers: ServerWatchdog, ServerJobCancellationWatcher, ExpirationManager, CountersAggregator, Worker, DelayedJobScheduler, RecurringJobScheduler...
2021-01-24T23:40:32.8991246+07:00 [DBG] (Hangfire.Processing.BackgroundExecution) Execution loop ServerWatchdog:abe2fd72 has started in 46.8217 ms
2021-01-24T23:40:32.8991246+07:00 [DBG] (Hangfire.Processing.BackgroundExecution) Execution loop ServerJobCancellationWatcher:9f07da9d has started in 46.4929 ms
2021-01-24T23:40:32.9070338+07:00 [DBG] (Hangfire.Processing.BackgroundExecution) Execution loop ExpirationManager:fe794158 has started in 6.8228 ms
2021-01-24T23:40:32.9142573+07:00 [DBG] (Hangfire.Processing.BackgroundExecution) Execution loop CountersAggregator:50157a86 has started in 14.394 ms
2021-01-24T23:40:32.9148620+07:00 [DBG] (Hangfire.SqlServer.ExpirationManager) Removing outdated records from the 'AggregatedCounter' table...
2021-01-24T23:40:32.9152937+07:00 [DBG] (Hangfire.SqlServer.CountersAggregator) Aggregating records in 'Counter' table...
2021-01-24T23:40:32.9238552+07:00 [DBG] (Hangfire.Processing.BackgroundExecution) Execution loop Worker:7080184f has started in 17.5552 ms
2021-01-24T23:40:32.9366498+07:00 [DBG] (Hangfire.Processing.BackgroundExecution) Execution loop Worker:1a37d4e9 has started in 30.4232 ms
2021-01-24T23:40:32.9439191+07:00 [DBG] (Hangfire.Processing.BackgroundExecution) Execution loop Worker:5566101e has started in 37.4511 ms
2021-01-24T23:40:32.9526684+07:00 [DBG] (Hangfire.Processing.BackgroundExecution) Execution loop Worker:3fb83541 has started in 46.3763 ms
2021-01-24T23:40:32.9593789+07:00 [DBG] (Hangfire.Processing.BackgroundExecution) Execution loop Worker:232b4e57 has started in 53.0614 ms
2021-01-24T23:40:32.9668523+07:00 [DBG] (Hangfire.Processing.BackgroundExecution) Execution loop Worker:2f57c2b4 has started in 60.5282 ms
2021-01-24T23:40:32.9733726+07:00 [DBG] (Hangfire.Processing.BackgroundExecution) Execution loop Worker:6c8e0f93 has started in 67.1033 ms
2021-01-24T23:40:32.9809513+07:00 [DBG] (Hangfire.Processing.BackgroundExecution) Execution loop Worker:496a55b2 has started in 74.5299 ms
2021-01-24T23:40:32.9889608+07:00 [DBG] (Hangfire.Processing.BackgroundExecution) Execution loop Worker:afff528d has started in 82.4676 ms
2021-01-24T23:40:32.9942343+07:00 [DBG] (Hangfire.Processing.BackgroundExecution) Execution loop Worker:55da9bbc has started in 87.9975 ms
2021-01-24T23:40:33.0014664+07:00 [DBG] (Hangfire.Processing.BackgroundExecution) Execution loop Worker:6d7f4e67 has started in 95.1943 ms
2021-01-24T23:40:33.0093804+07:00 [DBG] (Hangfire.Processing.BackgroundExecution) Execution loop Worker:e7efffa0 has started in 102.1011 ms
2021-01-24T23:40:33.0181375+07:00 [DBG] (Hangfire.Processing.BackgroundExecution) Execution loop Worker:6c6e1865 has started in 111.9012 ms
2021-01-24T23:40:33.0311829+07:00 [DBG] (Hangfire.Processing.BackgroundExecution) Execution loop Worker:5970a4d5 has started in 124.6854 ms
2021-01-24T23:40:33.0407612+07:00 [DBG] (Hangfire.Processing.BackgroundExecution) Execution loop Worker:43dbbf20 has started in 134.1736 ms
2021-01-24T23:40:33.0497825+07:00 [DBG] (Hangfire.Processing.BackgroundExecution) Execution loop Worker:2a262b4d has started in 143.28 ms
2021-01-24T23:40:33.0570135+07:00 [DBG] (Hangfire.Processing.BackgroundExecution) Execution loop Worker:f4564fc0 has started in 150.5314 ms
2021-01-24T23:40:33.0653109+07:00 [DBG] (Hangfire.Processing.BackgroundExecution) Execution loop Worker:ca2e83aa has started in 157.3794 ms
2021-01-24T23:40:33.0724429+07:00 [DBG] (Hangfire.Processing.BackgroundExecution) Execution loop Worker:f371661f has started in 166.2359 ms
2021-01-24T23:40:33.0848151+07:00 [DBG] (Hangfire.Processing.BackgroundExecution) Execution loop Worker:85e970e0 has started in 178.5914 ms
2021-01-24T23:40:33.0941013+07:00 [INF] (Hangfire.Server.BackgroundServerProcess) Server desktop-tngntrf:13860:4164613a all the dispatchers started
2021-01-24T23:40:33.0941013+07:00 [DBG] (Hangfire.Processing.BackgroundExecution) Execution loop DelayedJobScheduler:c350d045 has started in 20.803 ms
2021-01-24T23:40:33.1012464+07:00 [DBG] (Hangfire.Processing.BackgroundExecution) Execution loop RecurringJobScheduler:42edc349 has started in 16.0525 ms
2021-01-24T23:40:33.2707816+07:00 [DBG] (Hangfire.SqlServer.ExpirationManager) Removing outdated records from the 'Job' table...
2021-01-24T23:40:33.4377944+07:00 [DBG] (Hangfire.SqlServer.ExpirationManager) Removing outdated records from the 'List' table...
2021-01-24T23:40:33.5746670+07:00 [DBG] (Hangfire.SqlServer.ExpirationManager) Removing outdated records from the 'Set' table...
2021-01-24T23:40:33.7357679+07:00 [DBG] (Hangfire.SqlServer.ExpirationManager) Removing outdated records from the 'Hash' table...
2021-01-24T23:40:35.6421060+07:00 [INF] (Microsoft.Hosting.Lifetime) Application started. Press Ctrl+C to shut down.
2021-01-24T23:40:35.6423884+07:00 [INF] (Microsoft.Hosting.Lifetime) Hosting environment: "Development"
2021-01-24T23:40:35.6424370+07:00 [INF] (Microsoft.Hosting.Lifetime) Content root path: "C:\Users\nvthi\source\repos\B\sln\ASPNetCore3"
2021-01-24T23:41:07.3098252+07:00 [DBG] (Hangfire.Server.ServerHeartbeatProcess) Server desktop-tngntrf:13860:4164613a heartbeat successfully sent
2021-01-24T23:41:37.3668855+07:00 [DBG] (Hangfire.Server.ServerHeartbeatProcess) Server desktop-tngntrf:13860:4164613a heartbeat successfully sent
2021-01-24T23:42:14.1996099+07:00 [DBG] (Hangfire.Server.ServerHeartbeatProcess) Server desktop-tngntrf:13860:4164613a heartbeat successfully sent
