2021-01-25T00:05:03.7414350+07:00 [INF] (Hangfire.SqlServer.SqlServerObjectsInstaller) Start installing Hangfire SQL objects...
2021-01-25T00:05:04.2745308+07:00 [INF] (Hangfire.SqlServer.SqlServerObjectsInstaller) Hangfire SQL objects installed.
2021-01-25T00:05:04.3444607+07:00 [INF] (Hangfire.BackgroundJobServer) Starting Hangfire Server using job storage: 'SQL Server: 103.27.236.245@nvthinh'
2021-01-25T00:05:04.3446946+07:00 [INF] (Hangfire.BackgroundJobServer) Using the following options for SQL Server job storage: Queue poll interval: 00:00:00.
2021-01-25T00:05:04.3448872+07:00 [INF] (Hangfire.BackgroundJobServer) Using the following options for Hangfire Server:
    Worker count: 20
    Listening queues: 'default'
    Shutdown timeout: 00:00:15
    Schedule polling interval: 00:00:15
2021-01-25T00:05:04.3788671+07:00 [DBG] (Hangfire.Processing.BackgroundExecution) Execution loop BackgroundServerProcess:964d8578 has started in 22.1752 ms
2021-01-25T00:05:04.6616741+07:00 [INF] (Hangfire.Server.BackgroundServerProcess) Server desktop-tngntrf:18212:c53fc5fd successfully announced in 263.6842 ms
2021-01-25T00:05:04.6721139+07:00 [DBG] (Hangfire.Processing.BackgroundExecution) Execution loop ServerHeartbeatProcess:1371a92f has started in 9.5244 ms
2021-01-25T00:05:04.6727897+07:00 [INF] (Hangfire.Server.BackgroundServerProcess) Server desktop-tngntrf:18212:c53fc5fd is starting the registered dispatchers: ServerWatchdog, ServerJobCancellationWatcher, ExpirationManager, CountersAggregator, Worker, DelayedJobScheduler, RecurringJobScheduler...
2021-01-25T00:05:04.6797812+07:00 [DBG] (Hangfire.Processing.BackgroundExecution) Execution loop ServerWatchdog:94cc33b3 has started in 6.8055 ms
2021-01-25T00:05:04.6961060+07:00 [DBG] (Hangfire.Processing.BackgroundExecution) Execution loop ServerJobCancellationWatcher:a688d666 has started in 16.5728 ms
2021-01-25T00:05:04.6963232+07:00 [DBG] (Hangfire.Processing.BackgroundExecution) Execution loop ExpirationManager:d68e7b70 has started in 9.7351 ms
2021-01-25T00:05:04.6973481+07:00 [DBG] (Hangfire.SqlServer.ExpirationManager) Removing outdated records from the 'AggregatedCounter' table...
2021-01-25T00:05:04.7141914+07:00 [DBG] (Hangfire.Processing.BackgroundExecution) Execution loop CountersAggregator:c9d495ab has started in 25.5576 ms
2021-01-25T00:05:04.7236669+07:00 [DBG] (Hangfire.SqlServer.CountersAggregator) Aggregating records in 'Counter' table...
2021-01-25T00:05:04.7236836+07:00 [DBG] (Hangfire.Processing.BackgroundExecution) Execution loop Worker:6f4d7eac has started in 14.3946 ms
2021-01-25T00:05:04.7607504+07:00 [DBG] (Hangfire.Processing.BackgroundExecution) Execution loop Worker:e87f6174 has started in 52.4939 ms
2021-01-25T00:05:04.7607504+07:00 [DBG] (Hangfire.Processing.BackgroundExecution) Execution loop Worker:f46cf23b has started in 52.4939 ms
2021-01-25T00:05:04.7668716+07:00 [DBG] (Hangfire.Processing.BackgroundExecution) Execution loop Worker:b871e294 has started in 58.5643 ms
2021-01-25T00:05:04.7826782+07:00 [DBG] (Hangfire.Processing.BackgroundExecution) Execution loop Worker:0473e937 has started in 74.4104 ms
2021-01-25T00:05:04.7997175+07:00 [DBG] (Hangfire.Processing.BackgroundExecution) Execution loop Worker:5cf9474e has started in 91.3336 ms
2021-01-25T00:05:04.8104112+07:00 [DBG] (Hangfire.Processing.BackgroundExecution) Execution loop Worker:de00f786 has started in 102.097 ms
2021-01-25T00:05:04.8184825+07:00 [DBG] (Hangfire.Processing.BackgroundExecution) Execution loop Worker:60144e9c has started in 109.9475 ms
2021-01-25T00:05:04.8289074+07:00 [DBG] (Hangfire.Processing.BackgroundExecution) Execution loop Worker:595aa113 has started in 120.5279 ms
2021-01-25T00:05:04.8426989+07:00 [DBG] (Hangfire.Processing.BackgroundExecution) Execution loop Worker:93f1ebd1 has started in 134.3761 ms
2021-01-25T00:05:04.8503459+07:00 [DBG] (Hangfire.Processing.BackgroundExecution) Execution loop Worker:5fd38a51 has started in 142.088 ms
2021-01-25T00:05:04.8571566+07:00 [DBG] (Hangfire.Processing.BackgroundExecution) Execution loop Worker:6ef1e512 has started in 148.8857 ms
2021-01-25T00:05:04.8671956+07:00 [DBG] (Hangfire.Processing.BackgroundExecution) Execution loop Worker:7203ec1a has started in 158.9215 ms
2021-01-25T00:05:04.8783769+07:00 [DBG] (Hangfire.Processing.BackgroundExecution) Execution loop Worker:262b426b has started in 170.0558 ms
2021-01-25T00:05:04.8889819+07:00 [DBG] (Hangfire.Processing.BackgroundExecution) Execution loop Worker:879e86ad has started in 180.7305 ms
2021-01-25T00:05:04.8986511+07:00 [DBG] (Hangfire.Processing.BackgroundExecution) Execution loop Worker:bd03b902 has started in 190.0415 ms
2021-01-25T00:05:04.9063226+07:00 [DBG] (Hangfire.Processing.BackgroundExecution) Execution loop Worker:897693b3 has started in 197.9996 ms
2021-01-25T00:05:04.9127859+07:00 [DBG] (Hangfire.Processing.BackgroundExecution) Execution loop Worker:ceda46a9 has started in 204.4779 ms
2021-01-25T00:05:04.9284763+07:00 [DBG] (Hangfire.Processing.BackgroundExecution) Execution loop Worker:1d488738 has started in 220.2108 ms
2021-01-25T00:05:04.9346880+07:00 [DBG] (Hangfire.Processing.BackgroundExecution) Execution loop Worker:a3f6d9a1 has started in 226.3998 ms
2021-01-25T00:05:04.9579476+07:00 [INF] (Hangfire.Server.BackgroundServerProcess) Server desktop-tngntrf:18212:c53fc5fd all the dispatchers started
2021-01-25T00:05:04.9579551+07:00 [DBG] (Hangfire.Processing.BackgroundExecution) Execution loop DelayedJobScheduler:09881407 has started in 29.3824 ms
2021-01-25T00:05:04.9641970+07:00 [DBG] (Hangfire.Processing.BackgroundExecution) Execution loop RecurringJobScheduler:b9955b86 has started in 15.1187 ms
2021-01-25T00:05:05.0654387+07:00 [DBG] (Hangfire.SqlServer.ExpirationManager) Removing outdated records from the 'Job' table...
2021-01-25T00:05:05.1739149+07:00 [DBG] (Hangfire.SqlServer.ExpirationManager) Removing outdated records from the 'List' table...
2021-01-25T00:05:05.3325682+07:00 [DBG] (Hangfire.SqlServer.ExpirationManager) Removing outdated records from the 'Set' table...
2021-01-25T00:05:05.5056883+07:00 [DBG] (Hangfire.SqlServer.ExpirationManager) Removing outdated records from the 'Hash' table...
2021-01-25T00:05:07.7290213+07:00 [INF] (Microsoft.Hosting.Lifetime) Application started. Press Ctrl+C to shut down.
2021-01-25T00:05:07.7293386+07:00 [INF] (Microsoft.Hosting.Lifetime) Hosting environment: "Development"
2021-01-25T00:05:07.7293912+07:00 [INF] (Microsoft.Hosting.Lifetime) Content root path: "C:\Users\nvthi\source\repos\B\sln\ASPNetCore3"
2021-01-25T00:05:42.3418567+07:00 [DBG] (Hangfire.Server.ServerHeartbeatProcess) Server desktop-tngntrf:18212:c53fc5fd heartbeat successfully sent
2021-01-25T00:06:12.3935477+07:00 [DBG] (Hangfire.Server.ServerHeartbeatProcess) Server desktop-tngntrf:18212:c53fc5fd heartbeat successfully sent
2021-01-25T00:06:42.4496248+07:00 [DBG] (Hangfire.Server.ServerHeartbeatProcess) Server desktop-tngntrf:18212:c53fc5fd heartbeat successfully sent
2021-01-25T00:07:12.5077205+07:00 [DBG] (Hangfire.Server.ServerHeartbeatProcess) Server desktop-tngntrf:18212:c53fc5fd heartbeat successfully sent
2021-01-25T00:15:52.9090777+07:00 [INF] (Hangfire.SqlServer.SqlServerObjectsInstaller) Start installing Hangfire SQL objects...
2021-01-25T00:15:53.5346280+07:00 [INF] (Hangfire.SqlServer.SqlServerObjectsInstaller) Hangfire SQL objects installed.
2021-01-25T00:15:53.5936283+07:00 [INF] (Hangfire.BackgroundJobServer) Starting Hangfire Server using job storage: 'SQL Server: 103.27.236.245@nvthinh'
2021-01-25T00:15:53.5938143+07:00 [INF] (Hangfire.BackgroundJobServer) Using the following options for SQL Server job storage: Queue poll interval: 00:00:00.
2021-01-25T00:15:53.5939718+07:00 [INF] (Hangfire.BackgroundJobServer) Using the following options for Hangfire Server:
    Worker count: 20
    Listening queues: 'default'
    Shutdown timeout: 00:00:15
    Schedule polling interval: 00:00:15
2021-01-25T00:15:53.6176837+07:00 [DBG] (Hangfire.Processing.BackgroundExecution) Execution loop BackgroundServerProcess:a71b3f00 has started in 19.1355 ms
2021-01-25T00:15:53.8935355+07:00 [INF] (Hangfire.Server.BackgroundServerProcess) Server desktop-tngntrf:5576:f14204f9 successfully announced in 265.0045 ms
2021-01-25T00:15:53.9035287+07:00 [INF] (Hangfire.Server.BackgroundServerProcess) Server desktop-tngntrf:5576:f14204f9 is starting the registered dispatchers: ServerWatchdog, ServerJobCancellationWatcher, ExpirationManager, CountersAggregator, Worker, DelayedJobScheduler, RecurringJobScheduler...
2021-01-25T00:15:53.9035287+07:00 [DBG] (Hangfire.Processing.BackgroundExecution) Execution loop ServerHeartbeatProcess:b6eb827d has started in 9.217 ms
2021-01-25T00:15:53.9130583+07:00 [DBG] (Hangfire.Processing.BackgroundExecution) Execution loop ServerWatchdog:c2c472fa has started in 9.3415 ms
2021-01-25T00:15:53.9207242+07:00 [DBG] (Hangfire.Processing.BackgroundExecution) Execution loop ServerJobCancellationWatcher:a28ddb01 has started in 16.6952 ms
2021-01-25T00:15:53.9295438+07:00 [DBG] (Hangfire.Processing.BackgroundExecution) Execution loop ExpirationManager:01acc113 has started in 8.9556 ms
2021-01-25T00:15:53.9369157+07:00 [DBG] (Hangfire.Processing.BackgroundExecution) Execution loop CountersAggregator:dc466e8f has started in 15.2263 ms
2021-01-25T00:15:53.9377910+07:00 [DBG] (Hangfire.SqlServer.ExpirationManager) Removing outdated records from the 'AggregatedCounter' table...
2021-01-25T00:15:53.9436862+07:00 [DBG] (Hangfire.SqlServer.CountersAggregator) Aggregating records in 'Counter' table...
2021-01-25T00:15:53.9530447+07:00 [DBG] (Hangfire.Processing.BackgroundExecution) Execution loop Worker:5a42a13c has started in 23.34 ms
2021-01-25T00:15:53.9658033+07:00 [DBG] (Hangfire.Processing.BackgroundExecution) Execution loop Worker:e145e1a3 has started in 36.4219 ms
2021-01-25T00:15:53.9769010+07:00 [DBG] (Hangfire.Processing.BackgroundExecution) Execution loop Worker:8cf9f890 has started in 47.5086 ms
2021-01-25T00:15:53.9859443+07:00 [DBG] (Hangfire.Processing.BackgroundExecution) Execution loop Worker:c3f6113c has started in 56.517 ms
2021-01-25T00:15:53.9939513+07:00 [DBG] (Hangfire.Processing.BackgroundExecution) Execution loop Worker:86a1fe83 has started in 64.565 ms
2021-01-25T00:15:54.0010243+07:00 [DBG] (Hangfire.Processing.BackgroundExecution) Execution loop Worker:a7e32926 has started in 71.5941 ms
2021-01-25T00:15:54.0091355+07:00 [DBG] (Hangfire.Processing.BackgroundExecution) Execution loop Worker:fbd74a92 has started in 79.4679 ms
2021-01-25T00:15:54.0163311+07:00 [DBG] (Hangfire.Processing.BackgroundExecution) Execution loop Worker:671efd8b has started in 86.9569 ms
2021-01-25T00:15:54.0274738+07:00 [DBG] (Hangfire.Processing.BackgroundExecution) Execution loop Worker:667dbe9f has started in 95.4567 ms
2021-01-25T00:15:54.0340629+07:00 [DBG] (Hangfire.Processing.BackgroundExecution) Execution loop Worker:ef23ca13 has started in 104.6809 ms
2021-01-25T00:15:54.0413926+07:00 [DBG] (Hangfire.Processing.BackgroundExecution) Execution loop Worker:c73adcb4 has started in 111.9424 ms
2021-01-25T00:15:54.0489281+07:00 [DBG] (Hangfire.Processing.BackgroundExecution) Execution loop Worker:cf1f0ba1 has started in 119.5079 ms
2021-01-25T00:15:54.0660539+07:00 [DBG] (Hangfire.Processing.BackgroundExecution) Execution loop Worker:307c0631 has started in 136.4112 ms
2021-01-25T00:15:54.0660566+07:00 [DBG] (Hangfire.Processing.BackgroundExecution) Execution loop Worker:f58adb7e has started in 136.4111 ms
2021-01-25T00:15:54.0720262+07:00 [DBG] (Hangfire.Processing.BackgroundExecution) Execution loop Worker:82d544e6 has started in 141.8349 ms
2021-01-25T00:15:54.0801092+07:00 [DBG] (Hangfire.Processing.BackgroundExecution) Execution loop Worker:d8dcc862 has started in 150.6664 ms
2021-01-25T00:15:54.0875361+07:00 [DBG] (Hangfire.Processing.BackgroundExecution) Execution loop Worker:8ab753dd has started in 158.0852 ms
2021-01-25T00:15:54.0976836+07:00 [DBG] (Hangfire.Processing.BackgroundExecution) Execution loop Worker:4b9fdf7b has started in 168.2528 ms
2021-01-25T00:15:54.1101159+07:00 [DBG] (Hangfire.Processing.BackgroundExecution) Execution loop Worker:10ac761e has started in 180.7324 ms
2021-01-25T00:15:54.1160278+07:00 [DBG] (Hangfire.Processing.BackgroundExecution) Execution loop Worker:5b1dcc43 has started in 185.9768 ms
2021-01-25T00:15:54.1218524+07:00 [INF] (Hangfire.Server.BackgroundServerProcess) Server desktop-tngntrf:5576:f14204f9 all the dispatchers started
2021-01-25T00:15:54.1220487+07:00 [DBG] (Hangfire.Processing.BackgroundExecution) Execution loop DelayedJobScheduler:3409ad79 has started in 13.8131 ms
2021-01-25T00:15:54.1295027+07:00 [DBG] (Hangfire.Processing.BackgroundExecution) Execution loop RecurringJobScheduler:f8a7436f has started in 14.502 ms
2021-01-25T00:15:54.2132520+07:00 [DBG] (Hangfire.SqlServer.ExpirationManager) Removing outdated records from the 'Job' table...
2021-01-25T00:15:54.7023099+07:00 [DBG] (Hangfire.SqlServer.ExpirationManager) Removing outdated records from the 'List' table...
2021-01-25T00:15:54.7829085+07:00 [DBG] (Hangfire.SqlServer.ExpirationManager) Removing outdated records from the 'Set' table...
2021-01-25T00:15:54.8837205+07:00 [DBG] (Hangfire.SqlServer.ExpirationManager) Removing outdated records from the 'Hash' table...
2021-01-25T00:15:56.9370166+07:00 [INF] (Microsoft.Hosting.Lifetime) Application started. Press Ctrl+C to shut down.
2021-01-25T00:15:56.9374787+07:00 [INF] (Microsoft.Hosting.Lifetime) Hosting environment: "Development"
2021-01-25T00:15:56.9375336+07:00 [INF] (Microsoft.Hosting.Lifetime) Content root path: "C:\Users\nvthi\source\repos\B\sln\ASPNetCore3"
